# JRE version: Java(TM) SE Runtime Environment (8.0_11-b12) (build 1.8.0_11-b12)
# Java VM: Java HotSpot(TM) 64-Bit Server VM (25.11-b03 mixed mode windows-amd64 compressed oops)
Heap:
 PSYoungGen      total 14848K, used 3941K [0x00000000eb180000, 0x00000000eca80000, 0x0000000100000000)
  eden space 11264K, 9% used [0x00000000eb180000,0x00000000eb28e600,0x00000000ebc80000)
  from space 3584K, 79% used [0x00000000ebc80000,0x00000000ebf4b030,0x00000000ec000000)
  to   space 3584K, 0% used [0x00000000ec700000,0x00000000ec700000,0x00000000eca80000)
 ParOldGen       total 64000K, used 24066K [0x00000000c1400000, 0x00000000c5280000, 0x00000000eb180000)
  object space 64000K, 37% used [0x00000000c1400000,0x00000000c2b80a30,0x00000000c5280000)
 Metaspace       used 12702K, capacity 12870K, committed 13184K, reserved 1060864K
  class space    used 1589K, capacity 1627K, committed 1664K, reserved 1048576K
GC Heap History (10 events):
Event: 3.299 GC heap before
{Heap before GC invocations=7 (full 0):
 PSYoungGen      total 5632K, used 4994K [0x00000000eb180000, 0x00000000eb880000, 0x0000000100000000)
  eden space 4096K, 100% used [0x00000000eb180000,0x00000000eb580000,0x00000000eb580000)
  from space 1536K, 58% used [0x00000000eb700000,0x00000000eb7e0b68,0x00000000eb880000)
  to   space 1536K, 0% used [0x00000000eb580000,0x00000000eb580000,0x00000000eb700000)
 ParOldGen       total 64000K, used 1469K [0x00000000c1400000, 0x00000000c5280000, 0x00000000eb180000)
  object space 64000K, 2% used [0x00000000c1400000,0x00000000c156f458,0x00000000c5280000)
 Metaspace       used 11479K, capacity 11578K, committed 11776K, reserved 1058816K
  class space    used 1466K, capacity 1497K, committed 1536K, reserved 1048576K
Event: 3.301 GC heap after
Heap after GC invocations=7 (full 0):
 PSYoungGen      total 5632K, used 1309K [0x00000000eb180000, 0x00000000ebc80000, 0x0000000100000000)
  eden space 4096K, 0% used [0x00000000eb180000,0x00000000eb180000,0x00000000eb580000)
  from space 1536K, 85% used [0x00000000eb580000,0x00000000eb6c7618,0x00000000eb700000)
  to   space 1536K, 0% used [0x00000000ebb00000,0x00000000ebb00000,0x00000000ebc80000)
 ParOldGen       total 64000K, used 1581K [0x00000000c1400000, 0x00000000c5280000, 0x00000000eb180000)
  object space 64000K, 2% used [0x00000000c1400000,0x00000000c158b458,0x00000000c5280000)
 Metaspace       used 11479K, capacity 11578K, committed 11776K, reserved 1058816K
  class space    used 1466K, capacity 1497K, committed 1536K, reserved 1048576K
}
Event: 4.355 GC heap before
{Heap before GC invocations=8 (full 0):
 PSYoungGen      total 5632K, used 5364K [0x00000000eb180000, 0x00000000ebc80000, 0x0000000100000000)
  eden space 4096K, 98% used [0x00000000eb180000,0x00000000eb575b50,0x00000000eb580000)
  from space 1536K, 85% used [0x00000000eb580000,0x00000000eb6c7618,0x00000000eb700000)
  to   space 1536K, 0% used [0x00000000ebb00000,0x00000000ebb00000,0x00000000ebc80000)
 ParOldGen       total 64000K, used 2481K [0x00000000c1400000, 0x00000000c5280000, 0x00000000eb180000)
  object space 64000K, 3% used [0x00000000c1400000,0x00000000c166c468,0x00000000c5280000)
 Metaspace       used 12351K, capacity 12480K, committed 12672K, reserved 1060864K
  class space    used 1588K, capacity 1626K, committed 1664K, reserved 1048576K
Event: 4.402 GC heap after
Heap after GC invocations=8 (full 0):
 PSYoungGen      total 8704K, used 1508K [0x00000000eb180000, 0x00000000ebe80000, 0x0000000100000000)
  eden space 7168K, 0% used [0x00000000eb180000,0x00000000eb180000,0x00000000eb880000)
  from space 1536K, 98% used [0x00000000ebb00000,0x00000000ebc79010,0x00000000ebc80000)
  to   space 2560K, 0% used [0x00000000eb880000,0x00000000eb880000,0x00000000ebb00000)
 ParOldGen       total 64000K, used 4504K [0x00000000c1400000, 0x00000000c5280000, 0x00000000eb180000)
  object space 64000K, 7% used [0x00000000c1400000,0x00000000c18661c0,0x00000000c5280000)
 Metaspace       used 12351K, capacity 12480K, committed 12672K, reserved 1060864K
  class space    used 1588K, capacity 1626K, committed 1664K, reserved 1048576K
}
Event: 5.284 GC heap before
{Heap before GC invocations=9 (full 0):
 PSYoungGen      total 8704K, used 8676K [0x00000000eb180000, 0x00000000ebe80000, 0x0000000100000000)
  eden space 7168K, 100% used [0x00000000eb180000,0x00000000eb880000,0x00000000eb880000)
  from space 1536K, 98% used [0x00000000ebb00000,0x00000000ebc79010,0x00000000ebc80000)
  to   space 2560K, 0% used [0x00000000eb880000,0x00000000eb880000,0x00000000ebb00000)
 ParOldGen       total 64000K, used 5407K [0x00000000c1400000, 0x00000000c5280000, 0x00000000eb180000)
  object space 64000K, 8% used [0x00000000c1400000,0x00000000c1947ca0,0x00000000c5280000)
 Metaspace       used 12508K, capacity 12672K, committed 12928K, reserved 1060864K
  class space    used 1588K, capacity 1626K, committed 1664K, reserved 1048576K
Event: 5.288 GC heap after
Heap after GC invocations=9 (full 0):
 PSYoungGen      total 9728K, used 2280K [0x00000000eb180000, 0x00000000ec300000, 0x0000000100000000)
  eden space 7168K, 0% used [0x00000000eb180000,0x00000000eb180000,0x00000000eb880000)
  from space 2560K, 89% used [0x00000000eb880000,0x00000000ebaba020,0x00000000ebb00000)
  to   space 3072K, 0% used [0x00000000ec000000,0x00000000ec000000,0x00000000ec300000)
 ParOldGen       total 64000K, used 10147K [0x00000000c1400000, 0x00000000c5280000, 0x00000000eb180000)
  object space 64000K, 15% used [0x00000000c1400000,0x00000000c1de8cf0,0x00000000c5280000)
 Metaspace       used 12508K, capacity 12672K, committed 12928K, reserved 1060864K
  class space    used 1588K, capacity 1626K, committed 1664K, reserved 1048576K
}
Event: 6.207 GC heap before
{Heap before GC invocations=10 (full 0):
 PSYoungGen      total 9728K, used 9448K [0x00000000eb180000, 0x00000000ec300000, 0x0000000100000000)
  eden space 7168K, 100% used [0x00000000eb180000,0x00000000eb880000,0x00000000eb880000)
  from space 2560K, 89% used [0x00000000eb880000,0x00000000ebaba020,0x00000000ebb00000)
  to   space 3072K, 0% used [0x00000000ec000000,0x00000000ec000000,0x00000000ec300000)
 ParOldGen       total 64000K, used 11049K [0x00000000c1400000, 0x00000000c5280000, 0x00000000eb180000)
  object space 64000K, 17% used [0x00000000c1400000,0x00000000c1eca4d0,0x00000000c5280000)
 Metaspace       used 12637K, capacity 12806K, committed 12928K, reserved 1060864K
  class space    used 1589K, capacity 1627K, committed 1664K, reserved 1048576K
Event: 6.212 GC heap after
Heap after GC invocations=10 (full 0):
 PSYoungGen      total 14336K, used 2828K [0x00000000eb180000, 0x00000000ec400000, 0x0000000100000000)
  eden space 11264K, 0% used [0x00000000eb180000,0x00000000eb180000,0x00000000ebc80000)
  from space 3072K, 92% used [0x00000000ec000000,0x00000000ec2c3030,0x00000000ec300000)
  to   space 3584K, 0% used [0x00000000ebc80000,0x00000000ebc80000,0x00000000ec000000)
 ParOldGen       total 64000K, used 15033K [0x00000000c1400000, 0x00000000c5280000, 0x00000000eb180000)
  object space 64000K, 23% used [0x00000000c1400000,0x00000000c22ae510,0x00000000c5280000)
 Metaspace       used 12637K, capacity 12806K, committed 12928K, reserved 1060864K
  class space    used 1589K, capacity 1627K, committed 1664K, reserved 1048576K
}
Event: 8.103 GC heap before
{Heap before GC invocations=11 (full 0):
 PSYoungGen      total 14336K, used 14092K [0x00000000eb180000, 0x00000000ec400000, 0x0000000100000000)
  eden space 11264K, 100% used [0x00000000eb180000,0x00000000ebc80000,0x00000000ebc80000)
  from space 3072K, 92% used [0x00000000ec000000,0x00000000ec2c3030,0x00000000ec300000)
  to   space 3584K, 0% used [0x00000000ebc80000,0x00000000ebc80000,0x00000000ec000000)
 ParOldGen       total 64000K, used 15034K [0x00000000c1400000, 0x00000000c5280000, 0x00000000eb180000)
  object space 64000K, 23% used [0x00000000c1400000,0x00000000c22ae990,0x00000000c5280000)
 Metaspace       used 12697K, capacity 12870K, committed 13184K, reserved 1060864K
  class space    used 1589K, capacity 1627K, committed 1664K, reserved 1048576K
Event: 8.108 GC heap after
Heap after GC invocations=11 (full 0):
 PSYoungGen      total 14848K, used 2860K [0x00000000eb180000, 0x00000000eca80000, 0x0000000100000000)
  eden space 11264K, 0% used [0x00000000eb180000,0x00000000eb180000,0x00000000ebc80000)
  from space 3584K, 79% used [0x00000000ebc80000,0x00000000ebf4b030,0x00000000ec000000)
  to   space 3584K, 0% used [0x00000000ec700000,0x00000000ec700000,0x00000000eca80000)
 ParOldGen       total 64000K, used 24066K [0x00000000c1400000, 0x00000000c5280000, 0x00000000eb180000)
  object space 64000K, 37% used [0x00000000c1400000,0x00000000c2b80a30,0x00000000c5280000)
 Metaspace       used 12697K, capacity 12870K, committed 13184K, reserved 1060864K
  class space    used 1589K, capacity 1627K, committed 1664K, reserved 1048576K
}

