# JRE version: Java(TM) SE Runtime Environment (8.0_11-b12) (build 1.8.0_11-b12)
# Java VM: Java HotSpot(TM) 64-Bit Server VM (25.11-b03 mixed mode windows-amd64 compressed oops)
Heap:
 PSYoungGen      total 14336K, used 4997K [0x00000000eb180000, 0x00000000ec400000, 0x0000000100000000)
  eden space 11264K, 19% used [0x00000000eb180000,0x00000000eb39e448,0x00000000ebc80000)
  from space 3072K, 92% used [0x00000000ec000000,0x00000000ec2c3030,0x00000000ec300000)
  to   space 3584K, 0% used [0x00000000ebc80000,0x00000000ebc80000,0x00000000ec000000)
 ParOldGen       total 64000K, used 15895K [0x00000000c1400000, 0x00000000c5280000, 0x00000000eb180000)
  object space 64000K, 24% used [0x00000000c1400000,0x00000000c2385c30,0x00000000c5280000)
 Metaspace       used 12643K, capacity 12806K, committed 12928K, reserved 1060864K
  class space    used 1589K, capacity 1627K, committed 1664K, reserved 1048576K
GC Heap History (10 events):
Event: 0.493 GC heap before
{Heap before GC invocations=6 (full 0):
 PSYoungGen      total 2560K, used 2560K [0x00000000eb180000, 0x00000000eb880000, 0x0000000100000000)
  eden space 2048K, 100% used [0x00000000eb180000,0x00000000eb380000,0x00000000eb380000)
  from space 512K, 100% used [0x00000000eb380000,0x00000000eb400000,0x00000000eb400000)
  to   space 1536K, 0% used [0x00000000eb700000,0x00000000eb700000,0x00000000eb880000)
 ParOldGen       total 64000K, used 1441K [0x00000000c1400000, 0x00000000c5280000, 0x00000000eb180000)
  object space 64000K, 2% used [0x00000000c1400000,0x00000000c1568748,0x00000000c5280000)
 Metaspace       used 9818K, capacity 9960K, committed 10112K, reserved 1058816K
  class space    used 1232K, capacity 1302K, committed 1408K, reserved 1048576K
Event: 0.509 GC heap after
Heap after GC invocations=6 (full 0):
 PSYoungGen      total 5632K, used 898K [0x00000000eb180000, 0x00000000eb880000, 0x0000000100000000)
  eden space 4096K, 0% used [0x00000000eb180000,0x00000000eb180000,0x00000000eb580000)
  from space 1536K, 58% used [0x00000000eb700000,0x00000000eb7e0b68,0x00000000eb880000)
  to   space 1536K, 0% used [0x00000000eb580000,0x00000000eb580000,0x00000000eb700000)
 ParOldGen       total 64000K, used 1449K [0x00000000c1400000, 0x00000000c5280000, 0x00000000eb180000)
  object space 64000K, 2% used [0x00000000c1400000,0x00000000c156a748,0x00000000c5280000)
 Metaspace       used 9818K, capacity 9960K, committed 10112K, reserved 1058816K
  class space    used 1232K, capacity 1302K, committed 1408K, reserved 1048576K
}
Event: 1.946 GC heap before
{Heap before GC invocations=7 (full 0):
 PSYoungGen      total 5632K, used 4994K [0x00000000eb180000, 0x00000000eb880000, 0x0000000100000000)
  eden space 4096K, 100% used [0x00000000eb180000,0x00000000eb580000,0x00000000eb580000)
  from space 1536K, 58% used [0x00000000eb700000,0x00000000eb7e0b68,0x00000000eb880000)
  to   space 1536K, 0% used [0x00000000eb580000,0x00000000eb580000,0x00000000eb700000)
 ParOldGen       total 64000K, used 1449K [0x00000000c1400000, 0x00000000c5280000, 0x00000000eb180000)
  object space 64000K, 2% used [0x00000000c1400000,0x00000000c156a748,0x00000000c5280000)
 Metaspace       used 11464K, capacity 11578K, committed 11776K, reserved 1058816K
  class space    used 1465K, capacity 1497K, committed 1536K, reserved 1048576K
Event: 1.948 GC heap after
Heap after GC invocations=7 (full 0):
 PSYoungGen      total 5632K, used 1232K [0x00000000eb180000, 0x00000000ebc80000, 0x0000000100000000)
  eden space 4096K, 0% used [0x00000000eb180000,0x00000000eb180000,0x00000000eb580000)
  from space 1536K, 80% used [0x00000000eb580000,0x00000000eb6b40a8,0x00000000eb700000)
  to   space 1536K, 0% used [0x00000000ebb00000,0x00000000ebb00000,0x00000000ebc80000)
 ParOldGen       total 64000K, used 1585K [0x00000000c1400000, 0x00000000c5280000, 0x00000000eb180000)
  object space 64000K, 2% used [0x00000000c1400000,0x00000000c158c758,0x00000000c5280000)
 Metaspace       used 11464K, capacity 11578K, committed 11776K, reserved 1058816K
  class space    used 1465K, capacity 1497K, committed 1536K, reserved 1048576K
}
Event: 2.939 GC heap before
{Heap before GC invocations=8 (full 0):
 PSYoungGen      total 5632K, used 5328K [0x00000000eb180000, 0x00000000ebc80000, 0x0000000100000000)
  eden space 4096K, 100% used [0x00000000eb180000,0x00000000eb580000,0x00000000eb580000)
  from space 1536K, 80% used [0x00000000eb580000,0x00000000eb6b40a8,0x00000000eb700000)
  to   space 1536K, 0% used [0x00000000ebb00000,0x00000000ebb00000,0x00000000ebc80000)
 ParOldGen       total 64000K, used 1585K [0x00000000c1400000, 0x00000000c5280000, 0x00000000eb180000)
  object space 64000K, 2% used [0x00000000c1400000,0x00000000c158c758,0x00000000c5280000)
 Metaspace       used 12290K, capacity 12410K, committed 12672K, reserved 1060864K
  class space    used 1579K, capacity 1625K, committed 1664K, reserved 1048576K
Event: 2.945 GC heap after
Heap after GC invocations=8 (full 0):
 PSYoungGen      total 8704K, used 1508K [0x00000000eb180000, 0x00000000ebe80000, 0x0000000100000000)
  eden space 7168K, 0% used [0x00000000eb180000,0x00000000eb180000,0x00000000eb880000)
  from space 1536K, 98% used [0x00000000ebb00000,0x00000000ebc79010,0x00000000ebc80000)
  to   space 2560K, 0% used [0x00000000eb880000,0x00000000eb880000,0x00000000ebb00000)
 ParOldGen       total 64000K, used 3610K [0x00000000c1400000, 0x00000000c5280000, 0x00000000eb180000)
  object space 64000K, 5% used [0x00000000c1400000,0x00000000c1786b60,0x00000000c5280000)
 Metaspace       used 12290K, capacity 12410K, committed 12672K, reserved 1060864K
  class space    used 1579K, capacity 1625K, committed 1664K, reserved 1048576K
}
Event: 3.828 GC heap before
{Heap before GC invocations=9 (full 0):
 PSYoungGen      total 8704K, used 8559K [0x00000000eb180000, 0x00000000ebe80000, 0x0000000100000000)
  eden space 7168K, 98% used [0x00000000eb180000,0x00000000eb862e18,0x00000000eb880000)
  from space 1536K, 98% used [0x00000000ebb00000,0x00000000ebc79010,0x00000000ebc80000)
  to   space 2560K, 0% used [0x00000000eb880000,0x00000000eb880000,0x00000000ebb00000)
 ParOldGen       total 64000K, used 3610K [0x00000000c1400000, 0x00000000c5280000, 0x00000000eb180000)
  object space 64000K, 5% used [0x00000000c1400000,0x00000000c1786b60,0x00000000c5280000)
 Metaspace       used 12505K, capacity 12672K, committed 12928K, reserved 1060864K
  class space    used 1589K, capacity 1626K, committed 1664K, reserved 1048576K
Event: 3.835 GC heap after
Heap after GC invocations=9 (full 0):
 PSYoungGen      total 9728K, used 2312K [0x00000000eb180000, 0x00000000ec300000, 0x0000000100000000)
  eden space 7168K, 0% used [0x00000000eb180000,0x00000000eb180000,0x00000000eb880000)
  from space 2560K, 90% used [0x00000000eb880000,0x00000000ebac2020,0x00000000ebb00000)
  to   space 3072K, 0% used [0x00000000ec000000,0x00000000ec000000,0x00000000ec300000)
 ParOldGen       total 64000K, used 10094K [0x00000000c1400000, 0x00000000c5280000, 0x00000000eb180000)
  object space 64000K, 15% used [0x00000000c1400000,0x00000000c1ddbbd0,0x00000000c5280000)
 Metaspace       used 12505K, capacity 12672K, committed 12928K, reserved 1060864K
  class space    used 1589K, capacity 1626K, committed 1664K, reserved 1048576K
}
Event: 4.575 GC heap before
{Heap before GC invocations=10 (full 0):
 PSYoungGen      total 9728K, used 9214K [0x00000000eb180000, 0x00000000ec300000, 0x0000000100000000)
  eden space 7168K, 96% used [0x00000000eb180000,0x00000000eb83d880,0x00000000eb880000)
  from space 2560K, 90% used [0x00000000eb880000,0x00000000ebac2020,0x00000000ebb00000)
  to   space 3072K, 0% used [0x00000000ec000000,0x00000000ec000000,0x00000000ec300000)
 ParOldGen       total 64000K, used 10094K [0x00000000c1400000, 0x00000000c5280000, 0x00000000eb180000)
  object space 64000K, 15% used [0x00000000c1400000,0x00000000c1ddbbd0,0x00000000c5280000)
 Metaspace       used 12632K, capacity 12742K, committed 12928K, reserved 1060864K
  class space    used 1589K, capacity 1627K, committed 1664K, reserved 1048576K
Event: 4.579 GC heap after
Heap after GC invocations=10 (full 0):
 PSYoungGen      total 14336K, used 2828K [0x00000000eb180000, 0x00000000ec400000, 0x0000000100000000)
  eden space 11264K, 0% used [0x00000000eb180000,0x00000000eb180000,0x00000000ebc80000)
  from space 3072K, 92% used [0x00000000ec000000,0x00000000ec2c3030,0x00000000ec300000)
  to   space 3584K, 0% used [0x00000000ebc80000,0x00000000ebc80000,0x00000000ec000000)
 ParOldGen       total 64000K, used 15895K [0x00000000c1400000, 0x00000000c5280000, 0x00000000eb180000)
  object space 64000K, 24% used [0x00000000c1400000,0x00000000c2385c30,0x00000000c5280000)
 Metaspace       used 12632K, capacity 12742K, committed 12928K, reserved 1060864K
  class space    used 1589K, capacity 1627K, committed 1664K, reserved 1048576K
}

