# JRE version: Java(TM) SE Runtime Environment (8.0_11-b12) (build 1.8.0_11-b12)
# Java VM: Java HotSpot(TM) 64-Bit Server VM (25.11-b03 mixed mode windows-amd64 compressed oops)
Heap:
 PSYoungGen      total 22016K, used 5098K [0x00000000eb180000, 0x00000000ecc00000, 0x0000000100000000)
  eden space 18432K, 12% used [0x00000000eb180000,0x00000000eb3afb28,0x00000000ec380000)
  from space 3584K, 79% used [0x00000000ec780000,0x00000000eca4b030,0x00000000ecb00000)
  to   space 4096K, 0% used [0x00000000ec380000,0x00000000ec380000,0x00000000ec780000)
 ParOldGen       total 64000K, used 35160K [0x00000000c1400000, 0x00000000c5280000, 0x00000000eb180000)
  object space 64000K, 54% used [0x00000000c1400000,0x00000000c3656320,0x00000000c5280000)
 Metaspace       used 12717K, capacity 12870K, committed 13184K, reserved 1060864K
  class space    used 1582K, capacity 1627K, committed 1664K, reserved 1048576K
GC Heap History (10 events):
Event: 4.149 GC heap before
{Heap before GC invocations=8 (full 0):
 PSYoungGen      total 5632K, used 4819K [0x00000000eb180000, 0x00000000ebc80000, 0x0000000100000000)
  eden space 4096K, 86% used [0x00000000eb180000,0x00000000eb4f0c38,0x00000000eb580000)
  from space 1536K, 84% used [0x00000000eb580000,0x00000000eb6c40a8,0x00000000eb700000)
  to   space 1536K, 0% used [0x00000000ebb00000,0x00000000ebb00000,0x00000000ebc80000)
 ParOldGen       total 64000K, used 1549K [0x00000000c1400000, 0x00000000c5280000, 0x00000000eb180000)
  object space 64000K, 2% used [0x00000000c1400000,0x00000000c1583748,0x00000000c5280000)
 Metaspace       used 12314K, capacity 12480K, committed 12672K, reserved 1060864K
  class space    used 1581K, capacity 1626K, committed 1664K, reserved 1048576K
Event: 4.195 GC heap after
Heap after GC invocations=8 (full 0):
 PSYoungGen      total 8704K, used 1525K [0x00000000eb180000, 0x00000000ebe80000, 0x0000000100000000)
  eden space 7168K, 0% used [0x00000000eb180000,0x00000000eb180000,0x00000000eb880000)
  from space 1536K, 99% used [0x00000000ebb00000,0x00000000ebc7d480,0x00000000ebc80000)
  to   space 2560K, 0% used [0x00000000eb880000,0x00000000eb880000,0x00000000ebb00000)
 ParOldGen       total 64000K, used 2903K [0x00000000c1400000, 0x00000000c5280000, 0x00000000eb180000)
  object space 64000K, 4% used [0x00000000c1400000,0x00000000c16d5f30,0x00000000c5280000)
 Metaspace       used 12314K, capacity 12480K, committed 12672K, reserved 1060864K
  class space    used 1581K, capacity 1626K, committed 1664K, reserved 1048576K
}
Event: 4.800 GC heap before
{Heap before GC invocations=9 (full 0):
 PSYoungGen      total 8704K, used 8335K [0x00000000eb180000, 0x00000000ebe80000, 0x0000000100000000)
  eden space 7168K, 95% used [0x00000000eb180000,0x00000000eb8269a8,0x00000000eb880000)
  from space 1536K, 99% used [0x00000000ebb00000,0x00000000ebc7d480,0x00000000ebc80000)
  to   space 2560K, 0% used [0x00000000eb880000,0x00000000eb880000,0x00000000ebb00000)
 ParOldGen       total 64000K, used 2903K [0x00000000c1400000, 0x00000000c5280000, 0x00000000eb180000)
  object space 64000K, 4% used [0x00000000c1400000,0x00000000c16d5f30,0x00000000c5280000)
 Metaspace       used 12435K, capacity 12608K, committed 12928K, reserved 1060864K
  class space    used 1581K, capacity 1626K, committed 1664K, reserved 1048576K
Event: 4.808 GC heap after
Heap after GC invocations=9 (full 0):
 PSYoungGen      total 9728K, used 2297K [0x00000000eb180000, 0x00000000ec300000, 0x0000000100000000)
  eden space 7168K, 0% used [0x00000000eb180000,0x00000000eb180000,0x00000000eb880000)
  from space 2560K, 89% used [0x00000000eb880000,0x00000000ebabe490,0x00000000ebb00000)
  to   space 3072K, 0% used [0x00000000ec000000,0x00000000ec000000,0x00000000ec300000)
 ParOldGen       total 64000K, used 10370K [0x00000000c1400000, 0x00000000c5280000, 0x00000000eb180000)
  object space 64000K, 16% used [0x00000000c1400000,0x00000000c1e20890,0x00000000c5280000)
 Metaspace       used 12435K, capacity 12608K, committed 12928K, reserved 1060864K
  class space    used 1581K, capacity 1626K, committed 1664K, reserved 1048576K
}
Event: 5.582 GC heap before
{Heap before GC invocations=10 (full 0):
 PSYoungGen      total 9728K, used 9305K [0x00000000eb180000, 0x00000000ec300000, 0x0000000100000000)
  eden space 7168K, 97% used [0x00000000eb180000,0x00000000eb858330,0x00000000eb880000)
  from space 2560K, 89% used [0x00000000eb880000,0x00000000ebabe490,0x00000000ebb00000)
  to   space 3072K, 0% used [0x00000000ec000000,0x00000000ec000000,0x00000000ec300000)
 ParOldGen       total 64000K, used 10370K [0x00000000c1400000, 0x00000000c5280000, 0x00000000eb180000)
  object space 64000K, 16% used [0x00000000c1400000,0x00000000c1e20890,0x00000000c5280000)
 Metaspace       used 12581K, capacity 12742K, committed 12928K, reserved 1060864K
  class space    used 1582K, capacity 1627K, committed 1664K, reserved 1048576K
Event: 5.594 GC heap after
Heap after GC invocations=10 (full 0):
 PSYoungGen      total 14848K, used 2860K [0x00000000eb180000, 0x00000000ec300000, 0x0000000100000000)
  eden space 11776K, 0% used [0x00000000eb180000,0x00000000eb180000,0x00000000ebd00000)
  from space 3072K, 93% used [0x00000000ec000000,0x00000000ec2cb030,0x00000000ec300000)
  to   space 3072K, 0% used [0x00000000ebd00000,0x00000000ebd00000,0x00000000ec000000)
 ParOldGen       total 64000K, used 17096K [0x00000000c1400000, 0x00000000c5280000, 0x00000000eb180000)
  object space 64000K, 26% used [0x00000000c1400000,0x00000000c24b21e0,0x00000000c5280000)
 Metaspace       used 12581K, capacity 12742K, committed 12928K, reserved 1060864K
  class space    used 1582K, capacity 1627K, committed 1664K, reserved 1048576K
}
Event: 7.341 GC heap before
{Heap before GC invocations=11 (full 0):
 PSYoungGen      total 14848K, used 14230K [0x00000000eb180000, 0x00000000ec300000, 0x0000000100000000)
  eden space 11776K, 96% used [0x00000000eb180000,0x00000000ebc9a7f8,0x00000000ebd00000)
  from space 3072K, 93% used [0x00000000ec000000,0x00000000ec2cb030,0x00000000ec300000)
  to   space 3072K, 0% used [0x00000000ebd00000,0x00000000ebd00000,0x00000000ec000000)
 ParOldGen       total 64000K, used 17096K [0x00000000c1400000, 0x00000000c5280000, 0x00000000eb180000)
  object space 64000K, 26% used [0x00000000c1400000,0x00000000c24b21e0,0x00000000c5280000)
 Metaspace       used 12676K, capacity 12806K, committed 12928K, reserved 1060864K
  class space    used 1582K, capacity 1627K, committed 1664K, reserved 1048576K
Event: 7.368 GC heap after
Heap after GC invocations=11 (full 0):
 PSYoungGen      total 14848K, used 2860K [0x00000000eb180000, 0x00000000ecb00000, 0x0000000100000000)
  eden space 11776K, 0% used [0x00000000eb180000,0x00000000eb180000,0x00000000ebd00000)
  from space 3072K, 93% used [0x00000000ebd00000,0x00000000ebfcb030,0x00000000ec000000)
  to   space 3584K, 0% used [0x00000000ec780000,0x00000000ec780000,0x00000000ecb00000)
 ParOldGen       total 64000K, used 26136K [0x00000000c1400000, 0x00000000c5280000, 0x00000000eb180000)
  object space 64000K, 40% used [0x00000000c1400000,0x00000000c2d86280,0x00000000c5280000)
 Metaspace       used 12676K, capacity 12806K, committed 12928K, reserved 1060864K
  class space    used 1582K, capacity 1627K, committed 1664K, reserved 1048576K
}
Event: 9.424 GC heap before
{Heap before GC invocations=12 (full 0):
 PSYoungGen      total 14848K, used 14225K [0x00000000eb180000, 0x00000000ecb00000, 0x0000000100000000)
  eden space 11776K, 96% used [0x00000000eb180000,0x00000000ebc997c8,0x00000000ebd00000)
  from space 3072K, 93% used [0x00000000ebd00000,0x00000000ebfcb030,0x00000000ec000000)
  to   space 3584K, 0% used [0x00000000ec780000,0x00000000ec780000,0x00000000ecb00000)
 ParOldGen       total 64000K, used 26136K [0x00000000c1400000, 0x00000000c5280000, 0x00000000eb180000)
  object space 64000K, 40% used [0x00000000c1400000,0x00000000c2d86280,0x00000000c5280000)
 Metaspace       used 12716K, capacity 12870K, committed 13184K, reserved 1060864K
  class space    used 1582K, capacity 1627K, committed 1664K, reserved 1048576K
Event: 9.433 GC heap after
Heap after GC invocations=12 (full 0):
 PSYoungGen      total 22016K, used 2860K [0x00000000eb180000, 0x00000000ecc00000, 0x0000000100000000)
  eden space 18432K, 0% used [0x00000000eb180000,0x00000000eb180000,0x00000000ec380000)
  from space 3584K, 79% used [0x00000000ec780000,0x00000000eca4b030,0x00000000ecb00000)
  to   space 4096K, 0% used [0x00000000ec380000,0x00000000ec380000,0x00000000ec780000)
 ParOldGen       total 64000K, used 35160K [0x00000000c1400000, 0x00000000c5280000, 0x00000000eb180000)
  object space 64000K, 54% used [0x00000000c1400000,0x00000000c3656320,0x00000000c5280000)
 Metaspace       used 12716K, capacity 12870K, committed 13184K, reserved 1060864K
  class space    used 1582K, capacity 1627K, committed 1664K, reserved 1048576K
}

