# JRE version: Java(TM) SE Runtime Environment (8.0_11-b12) (build 1.8.0_11-b12)
# Java VM: Java HotSpot(TM) 64-Bit Server VM (25.11-b03 mixed mode windows-amd64 compressed oops)
Heap:
 PSYoungGen      total 29696K, used 304K [0x00000000eb180000, 0x00000000ee500000, 0x0000000100000000)
  eden space 19968K, 1% used [0x00000000eb180000,0x00000000eb1cc050,0x00000000ec500000)
  from space 9728K, 0% used [0x00000000edb80000,0x00000000edb80000,0x00000000ee500000)
  to   space 11776K, 0% used [0x00000000ece00000,0x00000000ece00000,0x00000000ed980000)
 ParOldGen       total 37376K, used 23494K [0x00000000c1400000, 0x00000000c3880000, 0x00000000eb180000)
  object space 37376K, 62% used [0x00000000c1400000,0x00000000c2af18d8,0x00000000c3880000)
 Metaspace       used 13931K, capacity 14098K, committed 14464K, reserved 1062912K
  class space    used 1790K, capacity 1821K, committed 1920K, reserved 1048576K
GC Heap History (10 events):
Event: 11.091 GC heap before
{Heap before GC invocations=13 (full 0):
 PSYoungGen      total 18944K, used 18254K [0x00000000eb180000, 0x00000000ecc80000, 0x0000000100000000)
  eden space 13312K, 95% used [0x00000000eb180000,0x00000000ebded7e0,0x00000000ebe80000)
  from space 5632K, 98% used [0x00000000ec500000,0x00000000eca66060,0x00000000eca80000)
  to   space 6656K, 0% used [0x00000000ebe80000,0x00000000ebe80000,0x00000000ec500000)
 ParOldGen       total 64000K, used 21311K [0x00000000c1400000, 0x00000000c5280000, 0x00000000eb180000)
  object space 64000K, 33% used [0x00000000c1400000,0x00000000c28cfc08,0x00000000c5280000)
 Metaspace       used 12634K, capacity 12800K, committed 12928K, reserved 1060864K
  class space    used 1579K, capacity 1626K, committed 1664K, reserved 1048576K
Event: 11.103 GC heap after
Heap after GC invocations=13 (full 0):
 PSYoungGen      total 19968K, used 6396K [0x00000000eb180000, 0x00000000ed580000, 0x0000000100000000)
  eden space 13312K, 0% used [0x00000000eb180000,0x00000000eb180000,0x00000000ebe80000)
  from space 6656K, 96% used [0x00000000ebe80000,0x00000000ec4bf070,0x00000000ec500000)
  to   space 7680K, 0% used [0x00000000ece00000,0x00000000ece00000,0x00000000ed580000)
 ParOldGen       total 64000K, used 28527K [0x00000000c1400000, 0x00000000c5280000, 0x00000000eb180000)
  object space 64000K, 44% used [0x00000000c1400000,0x00000000c2fdbc88,0x00000000c5280000)
 Metaspace       used 12634K, capacity 12800K, committed 12928K, reserved 1060864K
  class space    used 1579K, capacity 1626K, committed 1664K, reserved 1048576K
}
Event: 12.715 GC heap before
{Heap before GC invocations=14 (full 0):
 PSYoungGen      total 19968K, used 19348K [0x00000000eb180000, 0x00000000ed580000, 0x0000000100000000)
  eden space 13312K, 97% used [0x00000000eb180000,0x00000000ebe262f0,0x00000000ebe80000)
  from space 6656K, 96% used [0x00000000ebe80000,0x00000000ec4bf070,0x00000000ec500000)
  to   space 7680K, 0% used [0x00000000ece00000,0x00000000ece00000,0x00000000ed580000)
 ParOldGen       total 64000K, used 28527K [0x00000000c1400000, 0x00000000c5280000, 0x00000000eb180000)
  object space 64000K, 44% used [0x00000000c1400000,0x00000000c2fdbc88,0x00000000c5280000)
 Metaspace       used 12634K, capacity 12800K, committed 12928K, reserved 1060864K
  class space    used 1579K, capacity 1626K, committed 1664K, reserved 1048576K
Event: 12.748 GC heap after
Heap after GC invocations=14 (full 0):
 PSYoungGen      total 28160K, used 7328K [0x00000000eb180000, 0x00000000ed780000, 0x0000000100000000)
  eden space 20480K, 0% used [0x00000000eb180000,0x00000000eb180000,0x00000000ec580000)
  from space 7680K, 95% used [0x00000000ece00000,0x00000000ed528080,0x00000000ed580000)
  to   space 8704K, 0% used [0x00000000ec580000,0x00000000ec580000,0x00000000ece00000)
 ParOldGen       total 64000K, used 36651K [0x00000000c1400000, 0x00000000c5280000, 0x00000000eb180000)
  object space 64000K, 57% used [0x00000000c1400000,0x00000000c37cad18,0x00000000c5280000)
 Metaspace       used 12634K, capacity 12800K, committed 12928K, reserved 1060864K
  class space    used 1579K, capacity 1626K, committed 1664K, reserved 1048576K
}
Event: 16.443 GC heap before
{Heap before GC invocations=15 (full 0):
 PSYoungGen      total 28160K, used 27796K [0x00000000eb180000, 0x00000000ed780000, 0x0000000100000000)
  eden space 20480K, 99% used [0x00000000eb180000,0x00000000ec57d0b8,0x00000000ec580000)
  from space 7680K, 95% used [0x00000000ece00000,0x00000000ed528080,0x00000000ed580000)
  to   space 8704K, 0% used [0x00000000ec580000,0x00000000ec580000,0x00000000ece00000)
 ParOldGen       total 64000K, used 36651K [0x00000000c1400000, 0x00000000c5280000, 0x00000000eb180000)
  object space 64000K, 57% used [0x00000000c1400000,0x00000000c37cad18,0x00000000c5280000)
 Metaspace       used 12634K, capacity 12800K, committed 12928K, reserved 1060864K
  class space    used 1579K, capacity 1626K, committed 1664K, reserved 1048576K
Event: 16.451 GC heap after
Heap after GC invocations=15 (full 0):
 PSYoungGen      total 29184K, used 8260K [0x00000000eb180000, 0x00000000ee580000, 0x0000000100000000)
  eden space 20480K, 0% used [0x00000000eb180000,0x00000000eb180000,0x00000000ec580000)
  from space 8704K, 94% used [0x00000000ec580000,0x00000000ecd91090,0x00000000ece00000)
  to   space 10240K, 0% used [0x00000000edb80000,0x00000000edb80000,0x00000000ee580000)
 ParOldGen       total 64000K, used 51075K [0x00000000c1400000, 0x00000000c5280000, 0x00000000eb180000)
  object space 64000K, 79% used [0x00000000c1400000,0x00000000c45e0e18,0x00000000c5280000)
 Metaspace       used 12634K, capacity 12800K, committed 12928K, reserved 1060864K
  class space    used 1579K, capacity 1626K, committed 1664K, reserved 1048576K
}
Event: 24.387 GC heap before
{Heap before GC invocations=16 (full 0):
 PSYoungGen      total 29184K, used 28740K [0x00000000eb180000, 0x00000000ee580000, 0x0000000100000000)
  eden space 20480K, 100% used [0x00000000eb180000,0x00000000ec580000,0x00000000ec580000)
  from space 8704K, 94% used [0x00000000ec580000,0x00000000ecd91090,0x00000000ece00000)
  to   space 10240K, 0% used [0x00000000edb80000,0x00000000edb80000,0x00000000ee580000)
 ParOldGen       total 64000K, used 51075K [0x00000000c1400000, 0x00000000c5280000, 0x00000000eb180000)
  object space 64000K, 79% used [0x00000000c1400000,0x00000000c45e0e18,0x00000000c5280000)
 Metaspace       used 13931K, capacity 14098K, committed 14464K, reserved 1062912K
  class space    used 1790K, capacity 1821K, committed 1920K, reserved 1048576K
Event: 24.408 GC heap after
Heap after GC invocations=16 (full 0):
 PSYoungGen      total 29696K, used 9512K [0x00000000eb180000, 0x00000000ee500000, 0x0000000100000000)
  eden space 19968K, 0% used [0x00000000eb180000,0x00000000eb180000,0x00000000ec500000)
  from space 9728K, 97% used [0x00000000edb80000,0x00000000ee4ca0a0,0x00000000ee500000)
  to   space 11776K, 0% used [0x00000000ece00000,0x00000000ece00000,0x00000000ed980000)
 ParOldGen       total 64000K, used 57383K [0x00000000c1400000, 0x00000000c5280000, 0x00000000eb180000)
  object space 64000K, 89% used [0x00000000c1400000,0x00000000c4c09e88,0x00000000c5280000)
 Metaspace       used 13931K, capacity 14098K, committed 14464K, reserved 1062912K
  class space    used 1790K, capacity 1821K, committed 1920K, reserved 1048576K
}
Event: 24.408 GC heap before
{Heap before GC invocations=17 (full 1):
 PSYoungGen      total 29696K, used 9512K [0x00000000eb180000, 0x00000000ee500000, 0x0000000100000000)
  eden space 19968K, 0% used [0x00000000eb180000,0x00000000eb180000,0x00000000ec500000)
  from space 9728K, 97% used [0x00000000edb80000,0x00000000ee4ca0a0,0x00000000ee500000)
  to   space 11776K, 0% used [0x00000000ece00000,0x00000000ece00000,0x00000000ed980000)
 ParOldGen       total 64000K, used 57383K [0x00000000c1400000, 0x00000000c5280000, 0x00000000eb180000)
  object space 64000K, 89% used [0x00000000c1400000,0x00000000c4c09e88,0x00000000c5280000)
 Metaspace       used 13931K, capacity 14098K, committed 14464K, reserved 1062912K
  class space    used 1790K, capacity 1821K, committed 1920K, reserved 1048576K
Event: 24.501 GC heap after
Heap after GC invocations=17 (full 1):
 PSYoungGen      total 29696K, used 0K [0x00000000eb180000, 0x00000000ee500000, 0x0000000100000000)
  eden space 19968K, 0% used [0x00000000eb180000,0x00000000eb180000,0x00000000ec500000)
  from space 9728K, 0% used [0x00000000edb80000,0x00000000edb80000,0x00000000ee500000)
  to   space 11776K, 0% used [0x00000000ece00000,0x00000000ece00000,0x00000000ed980000)
 ParOldGen       total 37376K, used 23494K [0x00000000c1400000, 0x00000000c3880000, 0x00000000eb180000)
  object space 37376K, 62% used [0x00000000c1400000,0x00000000c2af18d8,0x00000000c3880000)
 Metaspace       used 13931K, capacity 14098K, committed 14464K, reserved 1062912K
  class space    used 1790K, capacity 1821K, committed 1920K, reserved 1048576K
}

