# JRE version: Java(TM) SE Runtime Environment (8.0_11-b12) (build 1.8.0_11-b12)
# Java VM: Java HotSpot(TM) 64-Bit Server VM (25.11-b03 mixed mode windows-amd64 compressed oops)
Heap:
 PSYoungGen      total 21504K, used 7732K [0x00000000eb180000, 0x00000000ed680000, 0x0000000100000000)
  eden space 14848K, 7% used [0x00000000eb180000,0x00000000eb2961d8,0x00000000ec000000)
  from space 6656K, 99% used [0x00000000ed000000,0x00000000ed677070,0x00000000ed680000)
  to   space 7680K, 0% used [0x00000000ec780000,0x00000000ec780000,0x00000000ecf00000)
 ParOldGen       total 64000K, used 37817K [0x00000000c1400000, 0x00000000c5280000, 0x00000000eb180000)
  object space 64000K, 59% used [0x00000000c1400000,0x00000000c38ee778,0x00000000c5280000)
 Metaspace       used 14038K, capacity 14168K, committed 14464K, reserved 1062912K
  class space    used 1776K, capacity 1822K, committed 1920K, reserved 1048576K
GC Heap History (10 events):
Event: 5.411 GC heap before
{Heap before GC invocations=10 (full 0):
 PSYoungGen      total 9728K, used 8902K [0x00000000eb180000, 0x00000000ec380000, 0x0000000100000000)
  eden space 6144K, 93% used [0x00000000eb180000,0x00000000eb716a58,0x00000000eb780000)
  from space 3584K, 88% used [0x00000000eb780000,0x00000000eba9b030,0x00000000ebb00000)
  to   space 4096K, 0% used [0x00000000ebf80000,0x00000000ebf80000,0x00000000ec380000)
 ParOldGen       total 64000K, used 8153K [0x00000000c1400000, 0x00000000c5280000, 0x00000000eb180000)
  object space 64000K, 12% used [0x00000000c1400000,0x00000000c1bf66f8,0x00000000c5280000)
 Metaspace       used 12552K, capacity 12672K, committed 12928K, reserved 1060864K
  class space    used 1588K, capacity 1626K, committed 1664K, reserved 1048576K
Event: 5.419 GC heap after
Heap after GC invocations=10 (full 0):
 PSYoungGen      total 13824K, used 3696K [0x00000000eb180000, 0x00000000ec480000, 0x0000000100000000)
  eden space 9728K, 0% used [0x00000000eb180000,0x00000000eb180000,0x00000000ebb00000)
  from space 4096K, 90% used [0x00000000ebf80000,0x00000000ec31c040,0x00000000ec380000)
  to   space 4608K, 0% used [0x00000000ebb00000,0x00000000ebb00000,0x00000000ebf80000)
 ParOldGen       total 64000K, used 10321K [0x00000000c1400000, 0x00000000c5280000, 0x00000000eb180000)
  object space 64000K, 16% used [0x00000000c1400000,0x00000000c1e14718,0x00000000c5280000)
 Metaspace       used 12552K, capacity 12672K, committed 12928K, reserved 1060864K
  class space    used 1588K, capacity 1626K, committed 1664K, reserved 1048576K
}
Event: 6.370 GC heap before
{Heap before GC invocations=11 (full 0):
 PSYoungGen      total 13824K, used 13424K [0x00000000eb180000, 0x00000000ec480000, 0x0000000100000000)
  eden space 9728K, 100% used [0x00000000eb180000,0x00000000ebb00000,0x00000000ebb00000)
  from space 4096K, 90% used [0x00000000ebf80000,0x00000000ec31c040,0x00000000ec380000)
  to   space 4608K, 0% used [0x00000000ebb00000,0x00000000ebb00000,0x00000000ebf80000)
 ParOldGen       total 64000K, used 10321K [0x00000000c1400000, 0x00000000c5280000, 0x00000000eb180000)
  object space 64000K, 16% used [0x00000000c1400000,0x00000000c1e14718,0x00000000c5280000)
 Metaspace       used 13813K, capacity 13976K, committed 14208K, reserved 1060864K
  class space    used 1773K, capacity 1822K, committed 1920K, reserved 1048576K
Event: 6.380 GC heap after
Heap after GC invocations=11 (full 0):
 PSYoungGen      total 14336K, used 3984K [0x00000000eb180000, 0x00000000ecb00000, 0x0000000100000000)
  eden space 9728K, 0% used [0x00000000eb180000,0x00000000eb180000,0x00000000ebb00000)
  from space 4608K, 86% used [0x00000000ebb00000,0x00000000ebee4040,0x00000000ebf80000)
  to   space 5120K, 0% used [0x00000000ec600000,0x00000000ec600000,0x00000000ecb00000)
 ParOldGen       total 64000K, used 13988K [0x00000000c1400000, 0x00000000c5280000, 0x00000000eb180000)
  object space 64000K, 21% used [0x00000000c1400000,0x00000000c21a92b8,0x00000000c5280000)
 Metaspace       used 13813K, capacity 13976K, committed 14208K, reserved 1060864K
  class space    used 1773K, capacity 1822K, committed 1920K, reserved 1048576K
}
Event: 7.448 GC heap before
{Heap before GC invocations=12 (full 0):
 PSYoungGen      total 14336K, used 13460K [0x00000000eb180000, 0x00000000ecb00000, 0x0000000100000000)
  eden space 9728K, 97% used [0x00000000eb180000,0x00000000ebac1010,0x00000000ebb00000)
  from space 4608K, 86% used [0x00000000ebb00000,0x00000000ebee4040,0x00000000ebf80000)
  to   space 5120K, 0% used [0x00000000ec600000,0x00000000ec600000,0x00000000ecb00000)
 ParOldGen       total 64000K, used 13988K [0x00000000c1400000, 0x00000000c5280000, 0x00000000eb180000)
  object space 64000K, 21% used [0x00000000c1400000,0x00000000c21a92b8,0x00000000c5280000)
 Metaspace       used 13898K, capacity 14040K, committed 14464K, reserved 1062912K
  class space    used 1773K, capacity 1822K, committed 1920K, reserved 1048576K
Event: 7.455 GC heap after
Heap after GC invocations=12 (full 0):
 PSYoungGen      total 20480K, used 4660K [0x00000000eb180000, 0x00000000ecc00000, 0x0000000100000000)
  eden space 15360K, 0% used [0x00000000eb180000,0x00000000eb180000,0x00000000ec080000)
  from space 5120K, 91% used [0x00000000ec600000,0x00000000eca8d050,0x00000000ecb00000)
  to   space 5632K, 0% used [0x00000000ec080000,0x00000000ec080000,0x00000000ec600000)
 ParOldGen       total 64000K, used 21469K [0x00000000c1400000, 0x00000000c5280000, 0x00000000eb180000)
  object space 64000K, 33% used [0x00000000c1400000,0x00000000c28f77e8,0x00000000c5280000)
 Metaspace       used 13898K, capacity 14040K, committed 14464K, reserved 1062912K
  class space    used 1773K, capacity 1822K, committed 1920K, reserved 1048576K
}
Event: 9.160 GC heap before
{Heap before GC invocations=13 (full 0):
 PSYoungGen      total 20480K, used 19701K [0x00000000eb180000, 0x00000000ecc00000, 0x0000000100000000)
  eden space 15360K, 97% used [0x00000000eb180000,0x00000000ec030620,0x00000000ec080000)
  from space 5120K, 91% used [0x00000000ec600000,0x00000000eca8d050,0x00000000ecb00000)
  to   space 5632K, 0% used [0x00000000ec080000,0x00000000ec080000,0x00000000ec600000)
 ParOldGen       total 64000K, used 21469K [0x00000000c1400000, 0x00000000c5280000, 0x00000000eb180000)
  object space 64000K, 33% used [0x00000000c1400000,0x00000000c28f77e8,0x00000000c5280000)
 Metaspace       used 13945K, capacity 14104K, committed 14464K, reserved 1062912K
  class space    used 1776K, capacity 1822K, committed 1920K, reserved 1048576K
Event: 9.168 GC heap after
Heap after GC invocations=13 (full 0):
 PSYoungGen      total 20992K, used 5560K [0x00000000eb180000, 0x00000000ed680000, 0x0000000100000000)
  eden space 15360K, 0% used [0x00000000eb180000,0x00000000eb180000,0x00000000ec080000)
  from space 5632K, 98% used [0x00000000ec080000,0x00000000ec5ee060,0x00000000ec600000)
  to   space 6656K, 0% used [0x00000000ed000000,0x00000000ed000000,0x00000000ed680000)
 ParOldGen       total 64000K, used 28722K [0x00000000c1400000, 0x00000000c5280000, 0x00000000eb180000)
  object space 64000K, 44% used [0x00000000c1400000,0x00000000c300c9b8,0x00000000c5280000)
 Metaspace       used 13945K, capacity 14104K, committed 14464K, reserved 1062912K
  class space    used 1776K, capacity 1822K, committed 1920K, reserved 1048576K
}
Event: 10.654 GC heap before
{Heap before GC invocations=14 (full 0):
 PSYoungGen      total 20992K, used 20349K [0x00000000eb180000, 0x00000000ed680000, 0x0000000100000000)
  eden space 15360K, 96% used [0x00000000eb180000,0x00000000ebff1778,0x00000000ec080000)
  from space 5632K, 98% used [0x00000000ec080000,0x00000000ec5ee060,0x00000000ec600000)
  to   space 6656K, 0% used [0x00000000ed000000,0x00000000ed000000,0x00000000ed680000)
 ParOldGen       total 64000K, used 28722K [0x00000000c1400000, 0x00000000c5280000, 0x00000000eb180000)
  object space 64000K, 44% used [0x00000000c1400000,0x00000000c300c9b8,0x00000000c5280000)
 Metaspace       used 14030K, capacity 14168K, committed 14464K, reserved 1062912K
  class space    used 1776K, capacity 1822K, committed 1920K, reserved 1048576K
Event: 10.662 GC heap after
Heap after GC invocations=14 (full 0):
 PSYoungGen      total 21504K, used 6620K [0x00000000eb180000, 0x00000000ed680000, 0x0000000100000000)
  eden space 14848K, 0% used [0x00000000eb180000,0x00000000eb180000,0x00000000ec000000)
  from space 6656K, 99% used [0x00000000ed000000,0x00000000ed677070,0x00000000ed680000)
  to   space 7680K, 0% used [0x00000000ec780000,0x00000000ec780000,0x00000000ecf00000)
 ParOldGen       total 64000K, used 37817K [0x00000000c1400000, 0x00000000c5280000, 0x00000000eb180000)
  object space 64000K, 59% used [0x00000000c1400000,0x00000000c38ee778,0x00000000c5280000)
 Metaspace       used 14030K, capacity 14168K, committed 14464K, reserved 1062912K
  class space    used 1776K, capacity 1822K, committed 1920K, reserved 1048576K
}

