# JRE version: Java(TM) SE Runtime Environment (8.0_11-b12) (build 1.8.0_11-b12)
# Java VM: Java HotSpot(TM) 64-Bit Server VM (25.11-b03 mixed mode windows-amd64 compressed oops)
Heap:
 PSYoungGen      total 22016K, used 4230K [0x00000000eb180000, 0x00000000ed680000, 0x0000000100000000)
  eden space 18432K, 6% used [0x00000000eb180000,0x00000000eb2a6950,0x00000000ec380000)
  from space 3584K, 85% used [0x00000000ec380000,0x00000000ec67b030,0x00000000ec700000)
  to   space 4096K, 0% used [0x00000000ed280000,0x00000000ed280000,0x00000000ed680000)
 ParOldGen       total 64000K, used 41222K [0x00000000c1400000, 0x00000000c5280000, 0x00000000eb180000)
  object space 64000K, 64% used [0x00000000c1400000,0x00000000c3c41ae0,0x00000000c5280000)
 Metaspace       used 13894K, capacity 14040K, committed 14464K, reserved 1062912K
  class space    used 1773K, capacity 1822K, committed 1920K, reserved 1048576K
GC Heap History (10 events):
Event: 4.540 GC heap before
{Heap before GC invocations=9 (full 0):
 PSYoungGen      total 8704K, used 7976K [0x00000000eb180000, 0x00000000ebe80000, 0x0000000100000000)
  eden space 7168K, 90% used [0x00000000eb180000,0x00000000eb7d1278,0x00000000eb880000)
  from space 1536K, 98% used [0x00000000ebb00000,0x00000000ebc79010,0x00000000ebc80000)
  to   space 2560K, 0% used [0x00000000eb880000,0x00000000eb880000,0x00000000ebb00000)
 ParOldGen       total 64000K, used 2886K [0x00000000c1400000, 0x00000000c5280000, 0x00000000eb180000)
  object space 64000K, 4% used [0x00000000c1400000,0x00000000c16d1b40,0x00000000c5280000)
 Metaspace       used 12448K, capacity 12608K, committed 12928K, reserved 1060864K
  class space    used 1588K, capacity 1626K, committed 1664K, reserved 1048576K
Event: 4.561 GC heap after
Heap after GC invocations=9 (full 0):
 PSYoungGen      total 9728K, used 2312K [0x00000000eb180000, 0x00000000ec200000, 0x0000000100000000)
  eden space 7168K, 0% used [0x00000000eb180000,0x00000000eb180000,0x00000000eb880000)
  from space 2560K, 90% used [0x00000000eb880000,0x00000000ebac2020,0x00000000ebb00000)
  to   space 2560K, 0% used [0x00000000ebf80000,0x00000000ebf80000,0x00000000ec200000)
 ParOldGen       total 64000K, used 7393K [0x00000000c1400000, 0x00000000c5280000, 0x00000000eb180000)
  object space 64000K, 11% used [0x00000000c1400000,0x00000000c1b38780,0x00000000c5280000)
 Metaspace       used 12448K, capacity 12608K, committed 12928K, reserved 1060864K
  class space    used 1588K, capacity 1626K, committed 1664K, reserved 1048576K
}
Event: 5.436 GC heap before
{Heap before GC invocations=10 (full 0):
 PSYoungGen      total 9728K, used 9269K [0x00000000eb180000, 0x00000000ec200000, 0x0000000100000000)
  eden space 7168K, 97% used [0x00000000eb180000,0x00000000eb84b468,0x00000000eb880000)
  from space 2560K, 90% used [0x00000000eb880000,0x00000000ebac2020,0x00000000ebb00000)
  to   space 2560K, 0% used [0x00000000ebf80000,0x00000000ebf80000,0x00000000ec200000)
 ParOldGen       total 64000K, used 7393K [0x00000000c1400000, 0x00000000c5280000, 0x00000000eb180000)
  object space 64000K, 11% used [0x00000000c1400000,0x00000000c1b38780,0x00000000c5280000)
 Metaspace       used 12546K, capacity 12678K, committed 12928K, reserved 1060864K
  class space    used 1589K, capacity 1627K, committed 1664K, reserved 1048576K
Event: 5.441 GC heap after
Heap after GC invocations=10 (full 0):
 PSYoungGen      total 13824K, used 1992K [0x00000000eb180000, 0x00000000ec300000, 0x0000000100000000)
  eden space 11264K, 0% used [0x00000000eb180000,0x00000000eb180000,0x00000000ebc80000)
  from space 2560K, 77% used [0x00000000ebf80000,0x00000000ec172020,0x00000000ec200000)
  to   space 3072K, 0% used [0x00000000ebc80000,0x00000000ebc80000,0x00000000ebf80000)
 ParOldGen       total 64000K, used 12269K [0x00000000c1400000, 0x00000000c5280000, 0x00000000eb180000)
  object space 64000K, 19% used [0x00000000c1400000,0x00000000c1ffb7d0,0x00000000c5280000)
 Metaspace       used 12546K, capacity 12678K, committed 12928K, reserved 1060864K
  class space    used 1589K, capacity 1627K, committed 1664K, reserved 1048576K
}
Event: 6.645 GC heap before
{Heap before GC invocations=11 (full 0):
 PSYoungGen      total 13824K, used 13256K [0x00000000eb180000, 0x00000000ec300000, 0x0000000100000000)
  eden space 11264K, 100% used [0x00000000eb180000,0x00000000ebc80000,0x00000000ebc80000)
  from space 2560K, 77% used [0x00000000ebf80000,0x00000000ec172020,0x00000000ec200000)
  to   space 3072K, 0% used [0x00000000ebc80000,0x00000000ebc80000,0x00000000ebf80000)
 ParOldGen       total 64000K, used 12269K [0x00000000c1400000, 0x00000000c5280000, 0x00000000eb180000)
  object space 64000K, 19% used [0x00000000c1400000,0x00000000c1ffb7d0,0x00000000c5280000)
 Metaspace       used 12696K, capacity 12806K, committed 12928K, reserved 1060864K
  class space    used 1589K, capacity 1627K, committed 1664K, reserved 1048576K
Event: 6.654 GC heap after
Heap after GC invocations=11 (full 0):
 PSYoungGen      total 14336K, used 2796K [0x00000000eb180000, 0x00000000eca80000, 0x0000000100000000)
  eden space 11264K, 0% used [0x00000000eb180000,0x00000000eb180000,0x00000000ebc80000)
  from space 3072K, 91% used [0x00000000ebc80000,0x00000000ebf3b030,0x00000000ebf80000)
  to   space 3584K, 0% used [0x00000000ec700000,0x00000000ec700000,0x00000000eca80000)
 ParOldGen       total 64000K, used 18674K [0x00000000c1400000, 0x00000000c5280000, 0x00000000eb180000)
  object space 64000K, 29% used [0x00000000c1400000,0x00000000c263c950,0x00000000c5280000)
 Metaspace       used 12696K, capacity 12806K, committed 12928K, reserved 1060864K
  class space    used 1589K, capacity 1627K, committed 1664K, reserved 1048576K
}
Event: 8.629 GC heap before
{Heap before GC invocations=12 (full 0):
 PSYoungGen      total 14336K, used 14055K [0x00000000eb180000, 0x00000000eca80000, 0x0000000100000000)
  eden space 11264K, 99% used [0x00000000eb180000,0x00000000ebc7ef30,0x00000000ebc80000)
  from space 3072K, 91% used [0x00000000ebc80000,0x00000000ebf3b030,0x00000000ebf80000)
  to   space 3584K, 0% used [0x00000000ec700000,0x00000000ec700000,0x00000000eca80000)
 ParOldGen       total 64000K, used 18674K [0x00000000c1400000, 0x00000000c5280000, 0x00000000eb180000)
  object space 64000K, 29% used [0x00000000c1400000,0x00000000c263c950,0x00000000c5280000)
 Metaspace       used 12759K, capacity 12870K, committed 13184K, reserved 1060864K
  class space    used 1589K, capacity 1627K, committed 1664K, reserved 1048576K
Event: 8.638 GC heap after
Heap after GC invocations=12 (full 0):
 PSYoungGen      total 22016K, used 2860K [0x00000000eb180000, 0x00000000eca80000, 0x0000000100000000)
  eden space 18432K, 0% used [0x00000000eb180000,0x00000000eb180000,0x00000000ec380000)
  from space 3584K, 79% used [0x00000000ec700000,0x00000000ec9cb030,0x00000000eca80000)
  to   space 3584K, 0% used [0x00000000ec380000,0x00000000ec380000,0x00000000ec700000)
 ParOldGen       total 64000K, used 28606K [0x00000000c1400000, 0x00000000c5280000, 0x00000000eb180000)
  object space 64000K, 44% used [0x00000000c1400000,0x00000000c2fefa00,0x00000000c5280000)
 Metaspace       used 12759K, capacity 12870K, committed 13184K, reserved 1060864K
  class space    used 1589K, capacity 1627K, committed 1664K, reserved 1048576K
}
Event: 11.855 GC heap before
{Heap before GC invocations=13 (full 0):
 PSYoungGen      total 22016K, used 20971K [0x00000000eb180000, 0x00000000eca80000, 0x0000000100000000)
  eden space 18432K, 98% used [0x00000000eb180000,0x00000000ec32ff40,0x00000000ec380000)
  from space 3584K, 79% used [0x00000000ec700000,0x00000000ec9cb030,0x00000000eca80000)
  to   space 3584K, 0% used [0x00000000ec380000,0x00000000ec380000,0x00000000ec700000)
 ParOldGen       total 64000K, used 28606K [0x00000000c1400000, 0x00000000c5280000, 0x00000000eb180000)
  object space 64000K, 44% used [0x00000000c1400000,0x00000000c2fefa00,0x00000000c5280000)
 Metaspace       used 13892K, capacity 14040K, committed 14464K, reserved 1062912K
  class space    used 1772K, capacity 1822K, committed 1920K, reserved 1048576K
Event: 11.895 GC heap after
Heap after GC invocations=13 (full 0):
 PSYoungGen      total 22016K, used 3052K [0x00000000eb180000, 0x00000000ed680000, 0x0000000100000000)
  eden space 18432K, 0% used [0x00000000eb180000,0x00000000eb180000,0x00000000ec380000)
  from space 3584K, 85% used [0x00000000ec380000,0x00000000ec67b030,0x00000000ec700000)
  to   space 4096K, 0% used [0x00000000ed280000,0x00000000ed280000,0x00000000ed680000)
 ParOldGen       total 64000K, used 41222K [0x00000000c1400000, 0x00000000c5280000, 0x00000000eb180000)
  object space 64000K, 64% used [0x00000000c1400000,0x00000000c3c41ae0,0x00000000c5280000)
 Metaspace       used 13892K, capacity 14040K, committed 14464K, reserved 1062912K
  class space    used 1772K, capacity 1822K, committed 1920K, reserved 1048576K
}

