# JRE version: Java(TM) SE Runtime Environment (8.0_11-b12) (build 1.8.0_11-b12)
# Java VM: Java HotSpot(TM) 64-Bit Server VM (25.11-b03 mixed mode windows-amd64 compressed oops)
Heap:
 PSYoungGen      total 9216K, used 1656K [0x00000000eb180000, 0x00000000ebd80000, 0x0000000100000000)
  eden space 7680K, 1% used [0x00000000eb180000,0x00000000eb1a0de0,0x00000000eb900000)
  from space 1536K, 99% used [0x00000000ebb00000,0x00000000ebc7d480,0x00000000ebc80000)
  to   space 2048K, 0% used [0x00000000eb900000,0x00000000eb900000,0x00000000ebb00000)
 ParOldGen       total 64000K, used 2337K [0x00000000c1400000, 0x00000000c5280000, 0x00000000eb180000)
  object space 64000K, 3% used [0x00000000c1400000,0x00000000c16484e0,0x00000000c5280000)
 Metaspace       used 12261K, capacity 12384K, committed 12672K, reserved 1060864K
  class space    used 1568K, capacity 1594K, committed 1664K, reserved 1048576K
GC Heap History (10 events):
Event: 0.511 GC heap before
{Heap before GC invocations=4 (full 0):
 PSYoungGen      total 1536K, used 1504K [0x00000000eb180000, 0x00000000eb480000, 0x0000000100000000)
  eden space 1024K, 100% used [0x00000000eb180000,0x00000000eb280000,0x00000000eb280000)
  from space 512K, 93% used [0x00000000eb280000,0x00000000eb2f8020,0x00000000eb300000)
  to   space 512K, 0% used [0x00000000eb400000,0x00000000eb400000,0x00000000eb480000)
 ParOldGen       total 64000K, used 480K [0x00000000c1400000, 0x00000000c5280000, 0x00000000eb180000)
  object space 64000K, 0% used [0x00000000c1400000,0x00000000c1478000,0x00000000c5280000)
 Metaspace       used 8233K, capacity 8354K, committed 8576K, reserved 1056768K
  class space    used 1055K, capacity 1108K, committed 1152K, reserved 1048576K
Event: 0.514 GC heap after
Heap after GC invocations=4 (full 0):
 PSYoungGen      total 2560K, used 512K [0x00000000eb180000, 0x00000000eb480000, 0x0000000100000000)
  eden space 2048K, 0% used [0x00000000eb180000,0x00000000eb180000,0x00000000eb380000)
  from space 512K, 100% used [0x00000000eb400000,0x00000000eb480000,0x00000000eb480000)
  to   space 512K, 0% used [0x00000000eb380000,0x00000000eb380000,0x00000000eb400000)
 ParOldGen       total 64000K, used 1008K [0x00000000c1400000, 0x00000000c5280000, 0x00000000eb180000)
  object space 64000K, 1% used [0x00000000c1400000,0x00000000c14fc050,0x00000000c5280000)
 Metaspace       used 8233K, capacity 8354K, committed 8576K, reserved 1056768K
  class space    used 1055K, capacity 1108K, committed 1152K, reserved 1048576K
}
Event: 0.717 GC heap before
{Heap before GC invocations=5 (full 0):
 PSYoungGen      total 2560K, used 2560K [0x00000000eb180000, 0x00000000eb480000, 0x0000000100000000)
  eden space 2048K, 100% used [0x00000000eb180000,0x00000000eb380000,0x00000000eb380000)
  from space 512K, 100% used [0x00000000eb400000,0x00000000eb480000,0x00000000eb480000)
  to   space 512K, 0% used [0x00000000eb380000,0x00000000eb380000,0x00000000eb400000)
 ParOldGen       total 64000K, used 1008K [0x00000000c1400000, 0x00000000c5280000, 0x00000000eb180000)
  object space 64000K, 1% used [0x00000000c1400000,0x00000000c14fc050,0x00000000c5280000)
 Metaspace       used 9345K, capacity 9512K, committed 9728K, reserved 1058816K
  class space    used 1176K, capacity 1238K, committed 1280K, reserved 1048576K
Event: 0.720 GC heap after
Heap after GC invocations=5 (full 0):
 PSYoungGen      total 2560K, used 512K [0x00000000eb180000, 0x00000000eb880000, 0x0000000100000000)
  eden space 2048K, 0% used [0x00000000eb180000,0x00000000eb180000,0x00000000eb380000)
  from space 512K, 100% used [0x00000000eb380000,0x00000000eb400000,0x00000000eb400000)
  to   space 1536K, 0% used [0x00000000eb700000,0x00000000eb700000,0x00000000eb880000)
 ParOldGen       total 64000K, used 1453K [0x00000000c1400000, 0x00000000c5280000, 0x00000000eb180000)
  object space 64000K, 2% used [0x00000000c1400000,0x00000000c156b748,0x00000000c5280000)
 Metaspace       used 9345K, capacity 9512K, committed 9728K, reserved 1058816K
  class space    used 1176K, capacity 1238K, committed 1280K, reserved 1048576K
}
Event: 0.827 GC heap before
{Heap before GC invocations=6 (full 0):
 PSYoungGen      total 2560K, used 2560K [0x00000000eb180000, 0x00000000eb880000, 0x0000000100000000)
  eden space 2048K, 100% used [0x00000000eb180000,0x00000000eb380000,0x00000000eb380000)
  from space 512K, 100% used [0x00000000eb380000,0x00000000eb400000,0x00000000eb400000)
  to   space 1536K, 0% used [0x00000000eb700000,0x00000000eb700000,0x00000000eb880000)
 ParOldGen       total 64000K, used 1453K [0x00000000c1400000, 0x00000000c5280000, 0x00000000eb180000)
  object space 64000K, 2% used [0x00000000c1400000,0x00000000c156b748,0x00000000c5280000)
 Metaspace       used 9823K, capacity 9960K, committed 10112K, reserved 1058816K
  class space    used 1233K, capacity 1302K, committed 1408K, reserved 1048576K
Event: 0.843 GC heap after
Heap after GC invocations=6 (full 0):
 PSYoungGen      total 5632K, used 878K [0x00000000eb180000, 0x00000000eb880000, 0x0000000100000000)
  eden space 4096K, 0% used [0x00000000eb180000,0x00000000eb180000,0x00000000eb580000)
  from space 1536K, 57% used [0x00000000eb700000,0x00000000eb7db968,0x00000000eb880000)
  to   space 1536K, 0% used [0x00000000eb580000,0x00000000eb580000,0x00000000eb700000)
 ParOldGen       total 64000K, used 1453K [0x00000000c1400000, 0x00000000c5280000, 0x00000000eb180000)
  object space 64000K, 2% used [0x00000000c1400000,0x00000000c156b748,0x00000000c5280000)
 Metaspace       used 9823K, capacity 9960K, committed 10112K, reserved 1058816K
  class space    used 1233K, capacity 1302K, committed 1408K, reserved 1048576K
}
Event: 3.748 GC heap before
{Heap before GC invocations=7 (full 0):
 PSYoungGen      total 5632K, used 4745K [0x00000000eb180000, 0x00000000eb880000, 0x0000000100000000)
  eden space 4096K, 94% used [0x00000000eb180000,0x00000000eb546c88,0x00000000eb580000)
  from space 1536K, 57% used [0x00000000eb700000,0x00000000eb7db968,0x00000000eb880000)
  to   space 1536K, 0% used [0x00000000eb580000,0x00000000eb580000,0x00000000eb700000)
 ParOldGen       total 64000K, used 1453K [0x00000000c1400000, 0x00000000c5280000, 0x00000000eb180000)
  object space 64000K, 2% used [0x00000000c1400000,0x00000000c156b748,0x00000000c5280000)
 Metaspace       used 11578K, capacity 11674K, committed 11776K, reserved 1058816K
  class space    used 1480K, capacity 1529K, committed 1536K, reserved 1048576K
Event: 3.753 GC heap after
Heap after GC invocations=7 (full 0):
 PSYoungGen      total 5632K, used 1264K [0x00000000eb180000, 0x00000000ebc80000, 0x0000000100000000)
  eden space 4096K, 0% used [0x00000000eb180000,0x00000000eb180000,0x00000000eb580000)
  from space 1536K, 82% used [0x00000000eb580000,0x00000000eb6bc0a8,0x00000000eb700000)
  to   space 1536K, 0% used [0x00000000ebb00000,0x00000000ebb00000,0x00000000ebc80000)
 ParOldGen       total 64000K, used 1565K [0x00000000c1400000, 0x00000000c5280000, 0x00000000eb180000)
  object space 64000K, 2% used [0x00000000c1400000,0x00000000c1587748,0x00000000c5280000)
 Metaspace       used 11578K, capacity 11674K, committed 11776K, reserved 1058816K
  class space    used 1480K, capacity 1529K, committed 1536K, reserved 1048576K
}
Event: 6.902 GC heap before
{Heap before GC invocations=8 (full 0):
 PSYoungGen      total 5632K, used 5360K [0x00000000eb180000, 0x00000000ebc80000, 0x0000000100000000)
  eden space 4096K, 100% used [0x00000000eb180000,0x00000000eb580000,0x00000000eb580000)
  from space 1536K, 82% used [0x00000000eb580000,0x00000000eb6bc0a8,0x00000000eb700000)
  to   space 1536K, 0% used [0x00000000ebb00000,0x00000000ebb00000,0x00000000ebc80000)
 ParOldGen       total 64000K, used 1565K [0x00000000c1400000, 0x00000000c5280000, 0x00000000eb180000)
  object space 64000K, 2% used [0x00000000c1400000,0x00000000c1587748,0x00000000c5280000)
 Metaspace       used 12259K, capacity 12384K, committed 12672K, reserved 1060864K
  class space    used 1568K, capacity 1594K, committed 1664K, reserved 1048576K
Event: 6.916 GC heap after
Heap after GC invocations=8 (full 0):
 PSYoungGen      total 9216K, used 1525K [0x00000000eb180000, 0x00000000ebd80000, 0x0000000100000000)
  eden space 7680K, 0% used [0x00000000eb180000,0x00000000eb180000,0x00000000eb900000)
  from space 1536K, 99% used [0x00000000ebb00000,0x00000000ebc7d480,0x00000000ebc80000)
  to   space 2048K, 0% used [0x00000000eb900000,0x00000000eb900000,0x00000000ebb00000)
 ParOldGen       total 64000K, used 2337K [0x00000000c1400000, 0x00000000c5280000, 0x00000000eb180000)
  object space 64000K, 3% used [0x00000000c1400000,0x00000000c16484e0,0x00000000c5280000)
 Metaspace       used 12259K, capacity 12384K, committed 12672K, reserved 1060864K
  class space    used 1568K, capacity 1594K, committed 1664K, reserved 1048576K
}

