# JRE version: Java(TM) SE Runtime Environment (8.0_11-b12) (build 1.8.0_11-b12)
# Java VM: Java HotSpot(TM) 64-Bit Server VM (25.11-b03 mixed mode windows-amd64 compressed oops)
Heap:
 PSYoungGen      total 13824K, used 3502K [0x00000000eb180000, 0x00000000ec980000, 0x0000000100000000)
  eden space 10240K, 1% used [0x00000000eb180000,0x00000000eb1b1ad8,0x00000000ebb80000)
  from space 3584K, 92% used [0x00000000ebb80000,0x00000000ebeba020,0x00000000ebf00000)
  to   space 4096K, 0% used [0x00000000ec580000,0x00000000ec580000,0x00000000ec980000)
 ParOldGen       total 64000K, used 18000K [0x00000000c1400000, 0x00000000c5280000, 0x00000000eb180000)
  object space 64000K, 28% used [0x00000000c1400000,0x00000000c25942d0,0x00000000c5280000)
 Metaspace       used 12401K, capacity 12550K, committed 12672K, reserved 1060864K
  class space    used 1590K, capacity 1627K, committed 1664K, reserved 1048576K
GC Heap History (10 events):
Event: 4.199 GC heap before
{Heap before GC invocations=7 (full 0):
 PSYoungGen      total 5632K, used 4962K [0x00000000eb180000, 0x00000000eb880000, 0x0000000100000000)
  eden space 4096K, 100% used [0x00000000eb180000,0x00000000eb580000,0x00000000eb580000)
  from space 1536K, 56% used [0x00000000eb700000,0x00000000eb7d8b68,0x00000000eb880000)
  to   space 1536K, 0% used [0x00000000eb580000,0x00000000eb580000,0x00000000eb700000)
 ParOldGen       total 64000K, used 1457K [0x00000000c1400000, 0x00000000c5280000, 0x00000000eb180000)
  object space 64000K, 2% used [0x00000000c1400000,0x00000000c156c5c0,0x00000000c5280000)
 Metaspace       used 11548K, capacity 11674K, committed 11776K, reserved 1058816K
  class space    used 1469K, capacity 1529K, committed 1536K, reserved 1048576K
Event: 4.204 GC heap after
Heap after GC invocations=7 (full 0):
 PSYoungGen      total 5632K, used 1277K [0x00000000eb180000, 0x00000000ebc80000, 0x0000000100000000)
  eden space 4096K, 0% used [0x00000000eb180000,0x00000000eb180000,0x00000000eb580000)
  from space 1536K, 83% used [0x00000000eb580000,0x00000000eb6bf618,0x00000000eb700000)
  to   space 1536K, 0% used [0x00000000ebb00000,0x00000000ebb00000,0x00000000ebc80000)
 ParOldGen       total 64000K, used 1601K [0x00000000c1400000, 0x00000000c5280000, 0x00000000eb180000)
  object space 64000K, 2% used [0x00000000c1400000,0x00000000c15905c0,0x00000000c5280000)
 Metaspace       used 11548K, capacity 11674K, committed 11776K, reserved 1058816K
  class space    used 1469K, capacity 1529K, committed 1536K, reserved 1048576K
}
Event: 6.287 GC heap before
{Heap before GC invocations=8 (full 0):
 PSYoungGen      total 5632K, used 5332K [0x00000000eb180000, 0x00000000ebc80000, 0x0000000100000000)
  eden space 4096K, 98% used [0x00000000eb180000,0x00000000eb575b10,0x00000000eb580000)
  from space 1536K, 83% used [0x00000000eb580000,0x00000000eb6bf618,0x00000000eb700000)
  to   space 1536K, 0% used [0x00000000ebb00000,0x00000000ebb00000,0x00000000ebc80000)
 ParOldGen       total 64000K, used 1601K [0x00000000c1400000, 0x00000000c5280000, 0x00000000eb180000)
  object space 64000K, 2% used [0x00000000c1400000,0x00000000c15905c0,0x00000000c5280000)
 Metaspace       used 12325K, capacity 12480K, committed 12672K, reserved 1060864K
  class space    used 1587K, capacity 1626K, committed 1664K, reserved 1048576K
Event: 6.300 GC heap after
Heap after GC invocations=8 (full 0):
 PSYoungGen      total 8192K, used 1525K [0x00000000eb180000, 0x00000000ebf80000, 0x0000000100000000)
  eden space 6656K, 0% used [0x00000000eb180000,0x00000000eb180000,0x00000000eb800000)
  from space 1536K, 99% used [0x00000000ebb00000,0x00000000ebc7d480,0x00000000ebc80000)
  to   space 3072K, 0% used [0x00000000eb800000,0x00000000eb800000,0x00000000ebb00000)
 ParOldGen       total 64000K, used 3803K [0x00000000c1400000, 0x00000000c5280000, 0x00000000eb180000)
  object space 64000K, 5% used [0x00000000c1400000,0x00000000c17b6e30,0x00000000c5280000)
 Metaspace       used 12325K, capacity 12480K, committed 12672K, reserved 1060864K
  class space    used 1587K, capacity 1626K, committed 1664K, reserved 1048576K
}
Event: 7.382 GC heap before
{Heap before GC invocations=9 (full 0):
 PSYoungGen      total 8192K, used 7300K [0x00000000eb180000, 0x00000000ebf80000, 0x0000000100000000)
  eden space 6656K, 86% used [0x00000000eb180000,0x00000000eb723bc8,0x00000000eb800000)
  from space 1536K, 99% used [0x00000000ebb00000,0x00000000ebc7d480,0x00000000ebc80000)
  to   space 3072K, 0% used [0x00000000eb800000,0x00000000eb800000,0x00000000ebb00000)
 ParOldGen       total 64000K, used 3803K [0x00000000c1400000, 0x00000000c5280000, 0x00000000eb180000)
  object space 64000K, 5% used [0x00000000c1400000,0x00000000c17b6e30,0x00000000c5280000)
 Metaspace       used 12358K, capacity 12480K, committed 12672K, reserved 1060864K
  class space    used 1588K, capacity 1626K, committed 1664K, reserved 1048576K
Event: 7.404 GC heap after
Heap after GC invocations=9 (full 0):
 PSYoungGen      total 9728K, used 2457K [0x00000000eb180000, 0x00000000ec200000, 0x0000000100000000)
  eden space 6656K, 0% used [0x00000000eb180000,0x00000000eb180000,0x00000000eb800000)
  from space 3072K, 79% used [0x00000000eb800000,0x00000000eba66490,0x00000000ebb00000)
  to   space 3072K, 0% used [0x00000000ebf00000,0x00000000ebf00000,0x00000000ec200000)
 ParOldGen       total 64000K, used 9379K [0x00000000c1400000, 0x00000000c5280000, 0x00000000eb180000)
  object space 64000K, 14% used [0x00000000c1400000,0x00000000c1d28e90,0x00000000c5280000)
 Metaspace       used 12358K, capacity 12480K, committed 12672K, reserved 1060864K
  class space    used 1588K, capacity 1626K, committed 1664K, reserved 1048576K
}
Event: 8.242 GC heap before
{Heap before GC invocations=10 (full 0):
 PSYoungGen      total 9728K, used 9113K [0x00000000eb180000, 0x00000000ec200000, 0x0000000100000000)
  eden space 6656K, 100% used [0x00000000eb180000,0x00000000eb800000,0x00000000eb800000)
  from space 3072K, 79% used [0x00000000eb800000,0x00000000eba66490,0x00000000ebb00000)
  to   space 3072K, 0% used [0x00000000ebf00000,0x00000000ebf00000,0x00000000ec200000)
 ParOldGen       total 64000K, used 9379K [0x00000000c1400000, 0x00000000c5280000, 0x00000000eb180000)
  object space 64000K, 14% used [0x00000000c1400000,0x00000000c1d28ea8,0x00000000c5280000)
 Metaspace       used 12380K, capacity 12544K, committed 12672K, reserved 1060864K
  class space    used 1588K, capacity 1626K, committed 1664K, reserved 1048576K
Event: 8.257 GC heap after
Heap after GC invocations=10 (full 0):
 PSYoungGen      total 13312K, used 2956K [0x00000000eb180000, 0x00000000ec300000, 0x0000000100000000)
  eden space 10240K, 0% used [0x00000000eb180000,0x00000000eb180000,0x00000000ebb80000)
  from space 3072K, 96% used [0x00000000ebf00000,0x00000000ec1e3030,0x00000000ec200000)
  to   space 3584K, 0% used [0x00000000ebb80000,0x00000000ebb80000,0x00000000ebf00000)
 ParOldGen       total 64000K, used 15265K [0x00000000c1400000, 0x00000000c5280000, 0x00000000eb180000)
  object space 64000K, 23% used [0x00000000c1400000,0x00000000c22e87b8,0x00000000c5280000)
 Metaspace       used 12380K, capacity 12544K, committed 12672K, reserved 1060864K
  class space    used 1588K, capacity 1626K, committed 1664K, reserved 1048576K
}
Event: 27.467 GC heap before
{Heap before GC invocations=11 (full 0):
 PSYoungGen      total 13312K, used 13196K [0x00000000eb180000, 0x00000000ec300000, 0x0000000100000000)
  eden space 10240K, 100% used [0x00000000eb180000,0x00000000ebb80000,0x00000000ebb80000)
  from space 3072K, 96% used [0x00000000ebf00000,0x00000000ec1e3030,0x00000000ec200000)
  to   space 3584K, 0% used [0x00000000ebb80000,0x00000000ebb80000,0x00000000ebf00000)
 ParOldGen       total 64000K, used 15268K [0x00000000c1400000, 0x00000000c5280000, 0x00000000eb180000)
  object space 64000K, 23% used [0x00000000c1400000,0x00000000c22e92a0,0x00000000c5280000)
 Metaspace       used 12401K, capacity 12550K, committed 12672K, reserved 1060864K
  class space    used 1590K, capacity 1627K, committed 1664K, reserved 1048576K
Event: 27.496 GC heap after
Heap after GC invocations=11 (full 0):
 PSYoungGen      total 13824K, used 3304K [0x00000000eb180000, 0x00000000ec980000, 0x0000000100000000)
  eden space 10240K, 0% used [0x00000000eb180000,0x00000000eb180000,0x00000000ebb80000)
  from space 3584K, 92% used [0x00000000ebb80000,0x00000000ebeba020,0x00000000ebf00000)
  to   space 4096K, 0% used [0x00000000ec580000,0x00000000ec580000,0x00000000ec980000)
 ParOldGen       total 64000K, used 18000K [0x00000000c1400000, 0x00000000c5280000, 0x00000000eb180000)
  object space 64000K, 28% used [0x00000000c1400000,0x00000000c25942d0,0x00000000c5280000)
 Metaspace       used 12401K, capacity 12550K, committed 12672K, reserved 1060864K
  class space    used 1590K, capacity 1627K, committed 1664K, reserved 1048576K
}

