# JRE version: Java(TM) SE Runtime Environment (8.0_11-b12) (build 1.8.0_11-b12)
# Java VM: Java HotSpot(TM) 64-Bit Server VM (25.11-b03 mixed mode windows-amd64 compressed oops)
Heap:
 PSYoungGen      total 16896K, used 5808K [0x00000000eb180000, 0x00000000ecb00000, 0x0000000100000000)
  eden space 10752K, 0% used [0x00000000eb180000,0x00000000eb1962b0,0x00000000ebc00000)
  from space 6144K, 93% used [0x00000000ec300000,0x00000000ec896060,0x00000000ec900000)
  to   space 7168K, 0% used [0x00000000ebc00000,0x00000000ebc00000,0x00000000ec300000)
 ParOldGen       total 64000K, used 15897K [0x00000000c1400000, 0x00000000c5280000, 0x00000000eb180000)
  object space 64000K, 24% used [0x00000000c1400000,0x00000000c23864a8,0x00000000c5280000)
 Metaspace       used 13956K, capacity 14102K, committed 14464K, reserved 1062912K
  class space    used 1791K, capacity 1821K, committed 1920K, reserved 1048576K
GC Heap History (10 events):
Event: 4.507 GC heap before
{Heap before GC invocations=8 (full 0):
 PSYoungGen      total 5632K, used 5296K [0x00000000eb180000, 0x00000000ebc80000, 0x0000000100000000)
  eden space 4096K, 100% used [0x00000000eb180000,0x00000000eb580000,0x00000000eb580000)
  from space 1536K, 78% used [0x00000000eb580000,0x00000000eb6ac0a8,0x00000000eb700000)
  to   space 1536K, 0% used [0x00000000ebb00000,0x00000000ebb00000,0x00000000ebc80000)
 ParOldGen       total 64000K, used 1617K [0x00000000c1400000, 0x00000000c5280000, 0x00000000eb180000)
  object space 64000K, 2% used [0x00000000c1400000,0x00000000c1594758,0x00000000c5280000)
 Metaspace       used 12264K, capacity 12356K, committed 12672K, reserved 1060864K
  class space    used 1579K, capacity 1626K, committed 1664K, reserved 1048576K
Event: 4.511 GC heap after
Heap after GC invocations=8 (full 0):
 PSYoungGen      total 6656K, used 1508K [0x00000000eb180000, 0x00000000ec280000, 0x0000000100000000)
  eden space 5120K, 0% used [0x00000000eb180000,0x00000000eb180000,0x00000000eb680000)
  from space 1536K, 98% used [0x00000000ebb00000,0x00000000ebc79010,0x00000000ebc80000)
  to   space 4608K, 0% used [0x00000000eb680000,0x00000000eb680000,0x00000000ebb00000)
 ParOldGen       total 64000K, used 7655K [0x00000000c1400000, 0x00000000c5280000, 0x00000000eb180000)
  object space 64000K, 11% used [0x00000000c1400000,0x00000000c1b79fd8,0x00000000c5280000)
 Metaspace       used 12264K, capacity 12356K, committed 12672K, reserved 1060864K
  class space    used 1579K, capacity 1626K, committed 1664K, reserved 1048576K
}
Event: 5.907 GC heap before
{Heap before GC invocations=9 (full 0):
 PSYoungGen      total 6656K, used 6628K [0x00000000eb180000, 0x00000000ec280000, 0x0000000100000000)
  eden space 5120K, 100% used [0x00000000eb180000,0x00000000eb680000,0x00000000eb680000)
  from space 1536K, 98% used [0x00000000ebb00000,0x00000000ebc79010,0x00000000ebc80000)
  to   space 4608K, 0% used [0x00000000eb680000,0x00000000eb680000,0x00000000ebb00000)
 ParOldGen       total 64000K, used 7655K [0x00000000c1400000, 0x00000000c5280000, 0x00000000eb180000)
  object space 64000K, 11% used [0x00000000c1400000,0x00000000c1b79fd8,0x00000000c5280000)
 Metaspace       used 12418K, capacity 12548K, committed 12672K, reserved 1060864K
  class space    used 1579K, capacity 1626K, committed 1664K, reserved 1048576K
Event: 5.918 GC heap after
Heap after GC invocations=9 (full 0):
 PSYoungGen      total 9728K, used 4112K [0x00000000eb180000, 0x00000000ec380000, 0x0000000100000000)
  eden space 5120K, 0% used [0x00000000eb180000,0x00000000eb180000,0x00000000eb680000)
  from space 4608K, 89% used [0x00000000eb680000,0x00000000eba84040,0x00000000ebb00000)
  to   space 5120K, 0% used [0x00000000ebe80000,0x00000000ebe80000,0x00000000ec380000)
 ParOldGen       total 64000K, used 12388K [0x00000000c1400000, 0x00000000c5280000, 0x00000000eb180000)
  object space 64000K, 19% used [0x00000000c1400000,0x00000000c2019028,0x00000000c5280000)
 Metaspace       used 12418K, capacity 12548K, committed 12672K, reserved 1060864K
  class space    used 1579K, capacity 1626K, committed 1664K, reserved 1048576K
}
Event: 7.088 GC heap before
{Heap before GC invocations=10 (full 0):
 PSYoungGen      total 9728K, used 9232K [0x00000000eb180000, 0x00000000ec380000, 0x0000000100000000)
  eden space 5120K, 100% used [0x00000000eb180000,0x00000000eb680000,0x00000000eb680000)
  from space 4608K, 89% used [0x00000000eb680000,0x00000000eba84040,0x00000000ebb00000)
  to   space 5120K, 0% used [0x00000000ebe80000,0x00000000ebe80000,0x00000000ec380000)
 ParOldGen       total 64000K, used 12388K [0x00000000c1400000, 0x00000000c5280000, 0x00000000eb180000)
  object space 64000K, 19% used [0x00000000c1400000,0x00000000c2019028,0x00000000c5280000)
 Metaspace       used 13590K, capacity 13750K, committed 14080K, reserved 1060864K
  class space    used 1751K, capacity 1789K, committed 1792K, reserved 1048576K
Event: 7.092 GC heap after
Heap after GC invocations=10 (full 0):
 PSYoungGen      total 12288K, used 4884K [0x00000000eb180000, 0x00000000ec580000, 0x0000000100000000)
  eden space 7168K, 0% used [0x00000000eb180000,0x00000000eb180000,0x00000000eb880000)
  from space 5120K, 95% used [0x00000000ebe80000,0x00000000ec345050,0x00000000ec380000)
  to   space 6144K, 0% used [0x00000000eb880000,0x00000000eb880000,0x00000000ebe80000)
 ParOldGen       total 64000K, used 14585K [0x00000000c1400000, 0x00000000c5280000, 0x00000000eb180000)
  object space 64000K, 22% used [0x00000000c1400000,0x00000000c223e5f8,0x00000000c5280000)
 Metaspace       used 13590K, capacity 13750K, committed 14080K, reserved 1060864K
  class space    used 1751K, capacity 1789K, committed 1792K, reserved 1048576K
}
Event: 9.581 GC heap before
{Heap before GC invocations=11 (full 0):
 PSYoungGen      total 12288K, used 12030K [0x00000000eb180000, 0x00000000ec580000, 0x0000000100000000)
  eden space 7168K, 99% used [0x00000000eb180000,0x00000000eb87a9d8,0x00000000eb880000)
  from space 5120K, 95% used [0x00000000ebe80000,0x00000000ec345050,0x00000000ec380000)
  to   space 6144K, 0% used [0x00000000eb880000,0x00000000eb880000,0x00000000ebe80000)
 ParOldGen       total 64000K, used 14585K [0x00000000c1400000, 0x00000000c5280000, 0x00000000eb180000)
  object space 64000K, 22% used [0x00000000c1400000,0x00000000c223e5f8,0x00000000c5280000)
 Metaspace       used 13900K, capacity 14038K, committed 14464K, reserved 1062912K
  class space    used 1790K, capacity 1821K, committed 1920K, reserved 1048576K
Event: 9.584 GC heap after
Heap after GC invocations=11 (full 0):
 PSYoungGen      total 13312K, used 3792K [0x00000000eb180000, 0x00000000ec900000, 0x0000000100000000)
  eden space 7168K, 0% used [0x00000000eb180000,0x00000000eb180000,0x00000000eb880000)
  from space 6144K, 61% used [0x00000000eb880000,0x00000000ebc34040,0x00000000ebe80000)
  to   space 6144K, 0% used [0x00000000ec300000,0x00000000ec300000,0x00000000ec900000)
 ParOldGen       total 64000K, used 15777K [0x00000000c1400000, 0x00000000c5280000, 0x00000000eb180000)
  object space 64000K, 24% used [0x00000000c1400000,0x00000000c2368788,0x00000000c5280000)
 Metaspace       used 13900K, capacity 14038K, committed 14464K, reserved 1062912K
  class space    used 1790K, capacity 1821K, committed 1920K, reserved 1048576K
}
Event: 11.702 GC heap before
{Heap before GC invocations=12 (full 0):
 PSYoungGen      total 13312K, used 10960K [0x00000000eb180000, 0x00000000ec900000, 0x0000000100000000)
  eden space 7168K, 100% used [0x00000000eb180000,0x00000000eb880000,0x00000000eb880000)
  from space 6144K, 61% used [0x00000000eb880000,0x00000000ebc34040,0x00000000ebe80000)
  to   space 6144K, 0% used [0x00000000ec300000,0x00000000ec300000,0x00000000ec900000)
 ParOldGen       total 64000K, used 15777K [0x00000000c1400000, 0x00000000c5280000, 0x00000000eb180000)
  object space 64000K, 24% used [0x00000000c1400000,0x00000000c2368788,0x00000000c5280000)
 Metaspace       used 13955K, capacity 14102K, committed 14464K, reserved 1062912K
  class space    used 1791K, capacity 1821K, committed 1920K, reserved 1048576K
Event: 11.705 GC heap after
Heap after GC invocations=12 (full 0):
 PSYoungGen      total 16896K, used 5720K [0x00000000eb180000, 0x00000000ecb00000, 0x0000000100000000)
  eden space 10752K, 0% used [0x00000000eb180000,0x00000000eb180000,0x00000000ebc00000)
  from space 6144K, 93% used [0x00000000ec300000,0x00000000ec896060,0x00000000ec900000)
  to   space 7168K, 0% used [0x00000000ebc00000,0x00000000ebc00000,0x00000000ec300000)
 ParOldGen       total 64000K, used 15897K [0x00000000c1400000, 0x00000000c5280000, 0x00000000eb180000)
  object space 64000K, 24% used [0x00000000c1400000,0x00000000c23864a8,0x00000000c5280000)
 Metaspace       used 13955K, capacity 14102K, committed 14464K, reserved 1062912K
  class space    used 1791K, capacity 1821K, committed 1920K, reserved 1048576K
}

