# JRE version: Java(TM) SE Runtime Environment (8.0_11-b12) (build 1.8.0_11-b12)
# Java VM: Java HotSpot(TM) 64-Bit Server VM (25.11-b03 mixed mode windows-amd64 compressed oops)
Heap:
 PSYoungGen      total 33280K, used 1119K [0x00000000eb180000, 0x00000000ed780000, 0x0000000100000000)
  eden space 29184K, 3% used [0x00000000eb180000,0x00000000eb297ce0,0x00000000ece00000)
  from space 4096K, 0% used [0x00000000ed280000,0x00000000ed280000,0x00000000ed680000)
  to   space 4608K, 0% used [0x00000000ece00000,0x00000000ece00000,0x00000000ed280000)
 ParOldGen       total 37888K, used 21532K [0x00000000c1400000, 0x00000000c3900000, 0x00000000eb180000)
  object space 37888K, 56% used [0x00000000c1400000,0x00000000c2907100,0x00000000c3900000)
 Metaspace       used 12810K, capacity 12934K, committed 13184K, reserved 1060864K
  class space    used 1601K, capacity 1627K, committed 1664K, reserved 1048576K
GC Heap History (10 events):
Event: 7.056 GC heap before
{Heap before GC invocations=11 (full 0):
 PSYoungGen      total 13824K, used 13172K [0x00000000eb180000, 0x00000000ec300000, 0x0000000100000000)
  eden space 11264K, 99% used [0x00000000eb180000,0x00000000ebc7b060,0x00000000ebc80000)
  from space 2560K, 75% used [0x00000000ebf80000,0x00000000ec162020,0x00000000ec200000)
  to   space 3072K, 0% used [0x00000000ebc80000,0x00000000ebc80000,0x00000000ebf80000)
 ParOldGen       total 64000K, used 14301K [0x00000000c1400000, 0x00000000c5280000, 0x00000000eb180000)
  object space 64000K, 22% used [0x00000000c1400000,0x00000000c21f7480,0x00000000c5280000)
 Metaspace       used 12747K, capacity 12870K, committed 13184K, reserved 1060864K
  class space    used 1601K, capacity 1627K, committed 1664K, reserved 1048576K
Event: 7.065 GC heap after
Heap after GC invocations=11 (full 0):
 PSYoungGen      total 14336K, used 2860K [0x00000000eb180000, 0x00000000eca80000, 0x0000000100000000)
  eden space 11264K, 0% used [0x00000000eb180000,0x00000000eb180000,0x00000000ebc80000)
  from space 3072K, 93% used [0x00000000ebc80000,0x00000000ebf4b030,0x00000000ebf80000)
  to   space 3584K, 0% used [0x00000000ec700000,0x00000000ec700000,0x00000000eca80000)
 ParOldGen       total 64000K, used 22457K [0x00000000c1400000, 0x00000000c5280000, 0x00000000eb180000)
  object space 64000K, 35% used [0x00000000c1400000,0x00000000c29ee510,0x00000000c5280000)
 Metaspace       used 12747K, capacity 12870K, committed 13184K, reserved 1060864K
  class space    used 1601K, capacity 1627K, committed 1664K, reserved 1048576K
}
Event: 8.275 GC heap before
{Heap before GC invocations=12 (full 0):
 PSYoungGen      total 14336K, used 14124K [0x00000000eb180000, 0x00000000eca80000, 0x0000000100000000)
  eden space 11264K, 100% used [0x00000000eb180000,0x00000000ebc80000,0x00000000ebc80000)
  from space 3072K, 93% used [0x00000000ebc80000,0x00000000ebf4b030,0x00000000ebf80000)
  to   space 3584K, 0% used [0x00000000ec700000,0x00000000ec700000,0x00000000eca80000)
 ParOldGen       total 64000K, used 22457K [0x00000000c1400000, 0x00000000c5280000, 0x00000000eb180000)
  object space 64000K, 35% used [0x00000000c1400000,0x00000000c29ee510,0x00000000c5280000)
 Metaspace       used 12786K, capacity 12870K, committed 13184K, reserved 1060864K
  class space    used 1601K, capacity 1627K, committed 1664K, reserved 1048576K
Event: 8.288 GC heap after
Heap after GC invocations=12 (full 0):
 PSYoungGen      total 22016K, used 2860K [0x00000000eb180000, 0x00000000eca80000, 0x0000000100000000)
  eden space 18432K, 0% used [0x00000000eb180000,0x00000000eb180000,0x00000000ec380000)
  from space 3584K, 79% used [0x00000000ec700000,0x00000000ec9cb030,0x00000000eca80000)
  to   space 3584K, 0% used [0x00000000ec380000,0x00000000ec380000,0x00000000ec700000)
 ParOldGen       total 64000K, used 31489K [0x00000000c1400000, 0x00000000c5280000, 0x00000000eb180000)
  object space 64000K, 49% used [0x00000000c1400000,0x00000000c32c05b0,0x00000000c5280000)
 Metaspace       used 12786K, capacity 12870K, committed 13184K, reserved 1060864K
  class space    used 1601K, capacity 1627K, committed 1664K, reserved 1048576K
}
Event: 10.278 GC heap before
{Heap before GC invocations=13 (full 0):
 PSYoungGen      total 22016K, used 21054K [0x00000000eb180000, 0x00000000eca80000, 0x0000000100000000)
  eden space 18432K, 98% used [0x00000000eb180000,0x00000000ec344bb8,0x00000000ec380000)
  from space 3584K, 79% used [0x00000000ec700000,0x00000000ec9cb030,0x00000000eca80000)
  to   space 3584K, 0% used [0x00000000ec380000,0x00000000ec380000,0x00000000ec700000)
 ParOldGen       total 64000K, used 31489K [0x00000000c1400000, 0x00000000c5280000, 0x00000000eb180000)
  object space 64000K, 49% used [0x00000000c1400000,0x00000000c32c05b0,0x00000000c5280000)
 Metaspace       used 12808K, capacity 12934K, committed 13184K, reserved 1060864K
  class space    used 1601K, capacity 1627K, committed 1664K, reserved 1048576K
Event: 10.297 GC heap after
Heap after GC invocations=13 (full 0):
 PSYoungGen      total 22016K, used 2860K [0x00000000eb180000, 0x00000000ed680000, 0x0000000100000000)
  eden space 18432K, 0% used [0x00000000eb180000,0x00000000eb180000,0x00000000ec380000)
  from space 3584K, 79% used [0x00000000ec380000,0x00000000ec64b030,0x00000000ec700000)
  to   space 4096K, 0% used [0x00000000ed280000,0x00000000ed280000,0x00000000ed680000)
 ParOldGen       total 64000K, used 45913K [0x00000000c1400000, 0x00000000c5280000, 0x00000000eb180000)
  object space 64000K, 71% used [0x00000000c1400000,0x00000000c40d66b0,0x00000000c5280000)
 Metaspace       used 12808K, capacity 12934K, committed 13184K, reserved 1060864K
  class space    used 1601K, capacity 1627K, committed 1664K, reserved 1048576K
}
Event: 12.274 GC heap before
{Heap before GC invocations=14 (full 0):
 PSYoungGen      total 22016K, used 21033K [0x00000000eb180000, 0x00000000ed680000, 0x0000000100000000)
  eden space 18432K, 98% used [0x00000000eb180000,0x00000000ec33f3e8,0x00000000ec380000)
  from space 3584K, 79% used [0x00000000ec380000,0x00000000ec64b030,0x00000000ec700000)
  to   space 4096K, 0% used [0x00000000ed280000,0x00000000ed280000,0x00000000ed680000)
 ParOldGen       total 64000K, used 45913K [0x00000000c1400000, 0x00000000c5280000, 0x00000000eb180000)
  object space 64000K, 71% used [0x00000000c1400000,0x00000000c40d66b0,0x00000000c5280000)
 Metaspace       used 12810K, capacity 12934K, committed 13184K, reserved 1060864K
  class space    used 1601K, capacity 1627K, committed 1664K, reserved 1048576K
Event: 12.289 GC heap after
Heap after GC invocations=14 (full 0):
 PSYoungGen      total 33280K, used 3696K [0x00000000eb180000, 0x00000000ed780000, 0x0000000100000000)
  eden space 29184K, 0% used [0x00000000eb180000,0x00000000eb180000,0x00000000ece00000)
  from space 4096K, 90% used [0x00000000ed280000,0x00000000ed61c040,0x00000000ed680000)
  to   space 4608K, 0% used [0x00000000ece00000,0x00000000ece00000,0x00000000ed280000)
 ParOldGen       total 64000K, used 58529K [0x00000000c1400000, 0x00000000c5280000, 0x00000000eb180000)
  object space 64000K, 91% used [0x00000000c1400000,0x00000000c4d28790,0x00000000c5280000)
 Metaspace       used 12810K, capacity 12934K, committed 13184K, reserved 1060864K
  class space    used 1601K, capacity 1627K, committed 1664K, reserved 1048576K
}
Event: 12.289 GC heap before
{Heap before GC invocations=15 (full 1):
 PSYoungGen      total 33280K, used 3696K [0x00000000eb180000, 0x00000000ed780000, 0x0000000100000000)
  eden space 29184K, 0% used [0x00000000eb180000,0x00000000eb180000,0x00000000ece00000)
  from space 4096K, 90% used [0x00000000ed280000,0x00000000ed61c040,0x00000000ed680000)
  to   space 4608K, 0% used [0x00000000ece00000,0x00000000ece00000,0x00000000ed280000)
 ParOldGen       total 64000K, used 58529K [0x00000000c1400000, 0x00000000c5280000, 0x00000000eb180000)
  object space 64000K, 91% used [0x00000000c1400000,0x00000000c4d28790,0x00000000c5280000)
 Metaspace       used 12810K, capacity 12934K, committed 13184K, reserved 1060864K
  class space    used 1601K, capacity 1627K, committed 1664K, reserved 1048576K
Event: 12.314 GC heap after
Heap after GC invocations=15 (full 1):
 PSYoungGen      total 33280K, used 0K [0x00000000eb180000, 0x00000000ed780000, 0x0000000100000000)
  eden space 29184K, 0% used [0x00000000eb180000,0x00000000eb180000,0x00000000ece00000)
  from space 4096K, 0% used [0x00000000ed280000,0x00000000ed280000,0x00000000ed680000)
  to   space 4608K, 0% used [0x00000000ece00000,0x00000000ece00000,0x00000000ed280000)
 ParOldGen       total 37888K, used 21532K [0x00000000c1400000, 0x00000000c3900000, 0x00000000eb180000)
  object space 37888K, 56% used [0x00000000c1400000,0x00000000c2907100,0x00000000c3900000)
 Metaspace       used 12810K, capacity 12934K, committed 13184K, reserved 1060864K
  class space    used 1601K, capacity 1627K, committed 1664K, reserved 1048576K
}

