# JRE version: Java(TM) SE Runtime Environment (8.0_11-b12) (build 1.8.0_11-b12)
# Java VM: Java HotSpot(TM) 64-Bit Server VM (25.11-b03 mixed mode windows-amd64 compressed oops)
Heap:
 PSYoungGen      total 22016K, used 5045K [0x00000000eb180000, 0x00000000ed680000, 0x0000000100000000)
  eden space 18432K, 11% used [0x00000000eb180000,0x00000000eb3a2498,0x00000000ec380000)
  from space 3584K, 79% used [0x00000000ec380000,0x00000000ec64b030,0x00000000ec700000)
  to   space 4096K, 0% used [0x00000000ed280000,0x00000000ed280000,0x00000000ed680000)
 ParOldGen       total 64000K, used 45908K [0x00000000c1400000, 0x00000000c5280000, 0x00000000eb180000)
  object space 64000K, 71% used [0x00000000c1400000,0x00000000c40d5378,0x00000000c5280000)
 Metaspace       used 12756K, capacity 12870K, committed 13184K, reserved 1060864K
  class space    used 1587K, capacity 1627K, committed 1664K, reserved 1048576K
GC Heap History (10 events):
Event: 4.730 GC heap before
{Heap before GC invocations=9 (full 0):
 PSYoungGen      total 8704K, used 8432K [0x00000000eb180000, 0x00000000ebe80000, 0x0000000100000000)
  eden space 7168K, 96% used [0x00000000eb180000,0x00000000eb83ee20,0x00000000eb880000)
  from space 1536K, 99% used [0x00000000ebb00000,0x00000000ebc7d480,0x00000000ebc80000)
  to   space 2560K, 0% used [0x00000000eb880000,0x00000000eb880000,0x00000000ebb00000)
 ParOldGen       total 64000K, used 2901K [0x00000000c1400000, 0x00000000c5280000, 0x00000000eb180000)
  object space 64000K, 4% used [0x00000000c1400000,0x00000000c16d5510,0x00000000c5280000)
 Metaspace       used 12477K, capacity 12608K, committed 12928K, reserved 1060864K
  class space    used 1586K, capacity 1626K, committed 1664K, reserved 1048576K
Event: 4.740 GC heap after
Heap after GC invocations=9 (full 0):
 PSYoungGen      total 9728K, used 2297K [0x00000000eb180000, 0x00000000ec200000, 0x0000000100000000)
  eden space 7168K, 0% used [0x00000000eb180000,0x00000000eb180000,0x00000000eb880000)
  from space 2560K, 89% used [0x00000000eb880000,0x00000000ebabe490,0x00000000ebb00000)
  to   space 2560K, 0% used [0x00000000ebf80000,0x00000000ebf80000,0x00000000ec200000)
 ParOldGen       total 64000K, used 9401K [0x00000000c1400000, 0x00000000c5280000, 0x00000000eb180000)
  object space 64000K, 14% used [0x00000000c1400000,0x00000000c1d2e580,0x00000000c5280000)
 Metaspace       used 12477K, capacity 12608K, committed 12928K, reserved 1060864K
  class space    used 1586K, capacity 1626K, committed 1664K, reserved 1048576K
}
Event: 5.779 GC heap before
{Heap before GC invocations=10 (full 0):
 PSYoungGen      total 9728K, used 9142K [0x00000000eb180000, 0x00000000ec200000, 0x0000000100000000)
  eden space 7168K, 95% used [0x00000000eb180000,0x00000000eb82f5a8,0x00000000eb880000)
  from space 2560K, 89% used [0x00000000eb880000,0x00000000ebabe490,0x00000000ebb00000)
  to   space 2560K, 0% used [0x00000000ebf80000,0x00000000ebf80000,0x00000000ec200000)
 ParOldGen       total 64000K, used 9401K [0x00000000c1400000, 0x00000000c5280000, 0x00000000eb180000)
  object space 64000K, 14% used [0x00000000c1400000,0x00000000c1d2e580,0x00000000c5280000)
 Metaspace       used 12546K, capacity 12678K, committed 12928K, reserved 1060864K
  class space    used 1587K, capacity 1627K, committed 1664K, reserved 1048576K
Event: 5.810 GC heap after
Heap after GC invocations=10 (full 0):
 PSYoungGen      total 13824K, used 1928K [0x00000000eb180000, 0x00000000ec300000, 0x0000000100000000)
  eden space 11264K, 0% used [0x00000000eb180000,0x00000000eb180000,0x00000000ebc80000)
  from space 2560K, 75% used [0x00000000ebf80000,0x00000000ec162020,0x00000000ec200000)
  to   space 3072K, 0% used [0x00000000ebc80000,0x00000000ebc80000,0x00000000ebf80000)
 ParOldGen       total 64000K, used 14326K [0x00000000c1400000, 0x00000000c5280000, 0x00000000eb180000)
  object space 64000K, 22% used [0x00000000c1400000,0x00000000c21fda40,0x00000000c5280000)
 Metaspace       used 12546K, capacity 12678K, committed 12928K, reserved 1060864K
  class space    used 1587K, capacity 1627K, committed 1664K, reserved 1048576K
}
Event: 8.092 GC heap before
{Heap before GC invocations=11 (full 0):
 PSYoungGen      total 13824K, used 13163K [0x00000000eb180000, 0x00000000ec300000, 0x0000000100000000)
  eden space 11264K, 99% used [0x00000000eb180000,0x00000000ebc78fa0,0x00000000ebc80000)
  from space 2560K, 75% used [0x00000000ebf80000,0x00000000ec162020,0x00000000ec200000)
  to   space 3072K, 0% used [0x00000000ebc80000,0x00000000ebc80000,0x00000000ebf80000)
 ParOldGen       total 64000K, used 14326K [0x00000000c1400000, 0x00000000c5280000, 0x00000000eb180000)
  object space 64000K, 22% used [0x00000000c1400000,0x00000000c21fda40,0x00000000c5280000)
 Metaspace       used 12702K, capacity 12870K, committed 13184K, reserved 1060864K
  class space    used 1587K, capacity 1627K, committed 1664K, reserved 1048576K
Event: 8.099 GC heap after
Heap after GC invocations=11 (full 0):
 PSYoungGen      total 14336K, used 2860K [0x00000000eb180000, 0x00000000eca80000, 0x0000000100000000)
  eden space 11264K, 0% used [0x00000000eb180000,0x00000000eb180000,0x00000000ebc80000)
  from space 3072K, 93% used [0x00000000ebc80000,0x00000000ebf4b030,0x00000000ebf80000)
  to   space 3584K, 0% used [0x00000000ec700000,0x00000000ec700000,0x00000000eca80000)
 ParOldGen       total 64000K, used 22458K [0x00000000c1400000, 0x00000000c5280000, 0x00000000eb180000)
  object space 64000K, 35% used [0x00000000c1400000,0x00000000c29eead0,0x00000000c5280000)
 Metaspace       used 12702K, capacity 12870K, committed 13184K, reserved 1060864K
  class space    used 1587K, capacity 1627K, committed 1664K, reserved 1048576K
}
Event: 9.221 GC heap before
{Heap before GC invocations=12 (full 0):
 PSYoungGen      total 14336K, used 13238K [0x00000000eb180000, 0x00000000eca80000, 0x0000000100000000)
  eden space 11264K, 92% used [0x00000000eb180000,0x00000000ebba2998,0x00000000ebc80000)
  from space 3072K, 93% used [0x00000000ebc80000,0x00000000ebf4b030,0x00000000ebf80000)
  to   space 3584K, 0% used [0x00000000ec700000,0x00000000ec700000,0x00000000eca80000)
 ParOldGen       total 64000K, used 23358K [0x00000000c1400000, 0x00000000c5280000, 0x00000000eb180000)
  object space 64000K, 36% used [0x00000000c1400000,0x00000000c2acfae0,0x00000000c5280000)
 Metaspace       used 12739K, capacity 12870K, committed 13184K, reserved 1060864K
  class space    used 1587K, capacity 1627K, committed 1664K, reserved 1048576K
Event: 9.231 GC heap after
Heap after GC invocations=12 (full 0):
 PSYoungGen      total 22016K, used 2860K [0x00000000eb180000, 0x00000000eca80000, 0x0000000100000000)
  eden space 18432K, 0% used [0x00000000eb180000,0x00000000eb180000,0x00000000ec380000)
  from space 3584K, 79% used [0x00000000ec700000,0x00000000ec9cb030,0x00000000eca80000)
  to   space 3584K, 0% used [0x00000000ec380000,0x00000000ec380000,0x00000000ec700000)
 ParOldGen       total 64000K, used 33290K [0x00000000c1400000, 0x00000000c5280000, 0x00000000eb180000)
  object space 64000K, 52% used [0x00000000c1400000,0x00000000c3482b90,0x00000000c5280000)
 Metaspace       used 12739K, capacity 12870K, committed 13184K, reserved 1060864K
  class space    used 1587K, capacity 1627K, committed 1664K, reserved 1048576K
}
Event: 12.729 GC heap before
{Heap before GC invocations=13 (full 0):
 PSYoungGen      total 22016K, used 21292K [0x00000000eb180000, 0x00000000eca80000, 0x0000000100000000)
  eden space 18432K, 100% used [0x00000000eb180000,0x00000000ec380000,0x00000000ec380000)
  from space 3584K, 79% used [0x00000000ec700000,0x00000000ec9cb030,0x00000000eca80000)
  to   space 3584K, 0% used [0x00000000ec380000,0x00000000ec380000,0x00000000ec700000)
 ParOldGen       total 64000K, used 34192K [0x00000000c1400000, 0x00000000c5280000, 0x00000000eb180000)
  object space 64000K, 53% used [0x00000000c1400000,0x00000000c35642a8,0x00000000c5280000)
 Metaspace       used 12755K, capacity 12870K, committed 13184K, reserved 1060864K
  class space    used 1587K, capacity 1627K, committed 1664K, reserved 1048576K
Event: 12.740 GC heap after
Heap after GC invocations=13 (full 0):
 PSYoungGen      total 22016K, used 2860K [0x00000000eb180000, 0x00000000ed680000, 0x0000000100000000)
  eden space 18432K, 0% used [0x00000000eb180000,0x00000000eb180000,0x00000000ec380000)
  from space 3584K, 79% used [0x00000000ec380000,0x00000000ec64b030,0x00000000ec700000)
  to   space 4096K, 0% used [0x00000000ed280000,0x00000000ed280000,0x00000000ed680000)
 ParOldGen       total 64000K, used 45908K [0x00000000c1400000, 0x00000000c5280000, 0x00000000eb180000)
  object space 64000K, 71% used [0x00000000c1400000,0x00000000c40d5378,0x00000000c5280000)
 Metaspace       used 12755K, capacity 12870K, committed 13184K, reserved 1060864K
  class space    used 1587K, capacity 1627K, committed 1664K, reserved 1048576K
}

