# JRE version: Java(TM) SE Runtime Environment (8.0_11-b12) (build 1.8.0_11-b12)
# Java VM: Java HotSpot(TM) 64-Bit Server VM (25.11-b03 mixed mode windows-amd64 compressed oops)
Heap:
 PSYoungGen      total 30720K, used 1049K [0x00000000eb180000, 0x00000000edf00000, 0x0000000100000000)
  eden space 25088K, 4% used [0x00000000eb180000,0x00000000eb286778,0x00000000eca00000)
  from space 5632K, 0% used [0x00000000ed080000,0x00000000ed080000,0x00000000ed600000)
  to   space 6656K, 0% used [0x00000000eca00000,0x00000000eca00000,0x00000000ed080000)
 ParOldGen       total 49152K, used 25403K [0x00000000c1400000, 0x00000000c4400000, 0x00000000eb180000)
  object space 49152K, 51% used [0x00000000c1400000,0x00000000c2ccedb8,0x00000000c4400000)
 Metaspace       used 12768K, capacity 12870K, committed 13184K, reserved 1060864K
  class space    used 1588K, capacity 1627K, committed 1664K, reserved 1048576K
GC Heap History (10 events):
Event: 15.221 GC heap before
{Heap before GC invocations=15 (full 1):
 PSYoungGen      total 21504K, used 3728K [0x00000000eb180000, 0x00000000ed600000, 0x0000000100000000)
  eden space 17408K, 0% used [0x00000000eb180000,0x00000000eb180000,0x00000000ec280000)
  from space 4096K, 91% used [0x00000000ed200000,0x00000000ed5a4040,0x00000000ed600000)
  to   space 5120K, 0% used [0x00000000ecc00000,0x00000000ecc00000,0x00000000ed100000)
 ParOldGen       total 64000K, used 61925K [0x00000000c1400000, 0x00000000c5280000, 0x00000000eb180000)
  object space 64000K, 96% used [0x00000000c1400000,0x00000000c5079500,0x00000000c5280000)
 Metaspace       used 12767K, capacity 12870K, committed 13184K, reserved 1060864K
  class space    used 1588K, capacity 1627K, committed 1664K, reserved 1048576K
Event: 15.255 GC heap after
Heap after GC invocations=15 (full 1):
 PSYoungGen      total 21504K, used 0K [0x00000000eb180000, 0x00000000ed600000, 0x0000000100000000)
  eden space 17408K, 0% used [0x00000000eb180000,0x00000000eb180000,0x00000000ec280000)
  from space 4096K, 0% used [0x00000000ed200000,0x00000000ed200000,0x00000000ed600000)
  to   space 5120K, 0% used [0x00000000ecc00000,0x00000000ecc00000,0x00000000ed100000)
 ParOldGen       total 39424K, used 22211K [0x00000000c1400000, 0x00000000c3a80000, 0x00000000eb180000)
  object space 39424K, 56% used [0x00000000c1400000,0x00000000c29b0d50,0x00000000c3a80000)
 Metaspace       used 12767K, capacity 12870K, committed 13184K, reserved 1060864K
  class space    used 1588K, capacity 1627K, committed 1664K, reserved 1048576K
}
Event: 17.087 GC heap before
{Heap before GC invocations=16 (full 1):
 PSYoungGen      total 21504K, used 16885K [0x00000000eb180000, 0x00000000ed600000, 0x0000000100000000)
  eden space 17408K, 96% used [0x00000000eb180000,0x00000000ec1fd6b8,0x00000000ec280000)
  from space 4096K, 0% used [0x00000000ed200000,0x00000000ed200000,0x00000000ed600000)
  to   space 5120K, 0% used [0x00000000ecc00000,0x00000000ecc00000,0x00000000ed100000)
 ParOldGen       total 39424K, used 22211K [0x00000000c1400000, 0x00000000c3a80000, 0x00000000eb180000)
  object space 39424K, 56% used [0x00000000c1400000,0x00000000c29b0d50,0x00000000c3a80000)
 Metaspace       used 12767K, capacity 12870K, committed 13184K, reserved 1060864K
  class space    used 1588K, capacity 1627K, committed 1664K, reserved 1048576K
Event: 17.098 GC heap after
Heap after GC invocations=16 (full 1):
 PSYoungGen      total 30720K, used 4596K [0x00000000eb180000, 0x00000000ed600000, 0x0000000100000000)
  eden space 26112K, 0% used [0x00000000eb180000,0x00000000eb180000,0x00000000ecb00000)
  from space 4608K, 99% used [0x00000000ecc00000,0x00000000ed07d050,0x00000000ed080000)
  to   space 5632K, 0% used [0x00000000ed080000,0x00000000ed080000,0x00000000ed600000)
 ParOldGen       total 39424K, used 33011K [0x00000000c1400000, 0x00000000c3a80000, 0x00000000eb180000)
  object space 39424K, 83% used [0x00000000c1400000,0x00000000c343ce10,0x00000000c3a80000)
 Metaspace       used 12767K, capacity 12870K, committed 13184K, reserved 1060864K
  class space    used 1588K, capacity 1627K, committed 1664K, reserved 1048576K
}
Event: 17.098 GC heap before
{Heap before GC invocations=17 (full 2):
 PSYoungGen      total 30720K, used 4596K [0x00000000eb180000, 0x00000000ed600000, 0x0000000100000000)
  eden space 26112K, 0% used [0x00000000eb180000,0x00000000eb180000,0x00000000ecb00000)
  from space 4608K, 99% used [0x00000000ecc00000,0x00000000ed07d050,0x00000000ed080000)
  to   space 5632K, 0% used [0x00000000ed080000,0x00000000ed080000,0x00000000ed600000)
 ParOldGen       total 39424K, used 33011K [0x00000000c1400000, 0x00000000c3a80000, 0x00000000eb180000)
  object space 39424K, 83% used [0x00000000c1400000,0x00000000c343ce10,0x00000000c3a80000)
 Metaspace       used 12767K, capacity 12870K, committed 13184K, reserved 1060864K
  class space    used 1588K, capacity 1627K, committed 1664K, reserved 1048576K
Event: 17.126 GC heap after
Heap after GC invocations=17 (full 2):
 PSYoungGen      total 30720K, used 0K [0x00000000eb180000, 0x00000000ed600000, 0x0000000100000000)
  eden space 26112K, 0% used [0x00000000eb180000,0x00000000eb180000,0x00000000ecb00000)
  from space 4608K, 0% used [0x00000000ecc00000,0x00000000ecc00000,0x00000000ed080000)
  to   space 5632K, 0% used [0x00000000ed080000,0x00000000ed080000,0x00000000ed600000)
 ParOldGen       total 37888K, used 18667K [0x00000000c1400000, 0x00000000c3900000, 0x00000000eb180000)
  object space 37888K, 49% used [0x00000000c1400000,0x00000000c263ae40,0x00000000c3900000)
 Metaspace       used 12767K, capacity 12870K, committed 13184K, reserved 1060864K
  class space    used 1588K, capacity 1627K, committed 1664K, reserved 1048576K
}
Event: 21.326 GC heap before
{Heap before GC invocations=18 (full 2):
 PSYoungGen      total 30720K, used 26112K [0x00000000eb180000, 0x00000000ed600000, 0x0000000100000000)
  eden space 26112K, 100% used [0x00000000eb180000,0x00000000ecb00000,0x00000000ecb00000)
  from space 4608K, 0% used [0x00000000ecc00000,0x00000000ecc00000,0x00000000ed080000)
  to   space 5632K, 0% used [0x00000000ed080000,0x00000000ed080000,0x00000000ed600000)
 ParOldGen       total 37888K, used 18667K [0x00000000c1400000, 0x00000000c3900000, 0x00000000eb180000)
  object space 37888K, 49% used [0x00000000c1400000,0x00000000c263ae40,0x00000000c3900000)
 Metaspace       used 12768K, capacity 12870K, committed 13184K, reserved 1060864K
  class space    used 1588K, capacity 1627K, committed 1664K, reserved 1048576K
Event: 21.339 GC heap after
Heap after GC invocations=18 (full 2):
 PSYoungGen      total 30720K, used 5528K [0x00000000eb180000, 0x00000000edf00000, 0x0000000100000000)
  eden space 25088K, 0% used [0x00000000eb180000,0x00000000eb180000,0x00000000eca00000)
  from space 5632K, 98% used [0x00000000ed080000,0x00000000ed5e6060,0x00000000ed600000)
  to   space 6656K, 0% used [0x00000000eca00000,0x00000000eca00000,0x00000000ed080000)
 ParOldGen       total 37888K, used 36675K [0x00000000c1400000, 0x00000000c3900000, 0x00000000eb180000)
  object space 37888K, 96% used [0x00000000c1400000,0x00000000c37d0f80,0x00000000c3900000)
 Metaspace       used 12768K, capacity 12870K, committed 13184K, reserved 1060864K
  class space    used 1588K, capacity 1627K, committed 1664K, reserved 1048576K
}
Event: 21.339 GC heap before
{Heap before GC invocations=19 (full 3):
 PSYoungGen      total 30720K, used 5528K [0x00000000eb180000, 0x00000000edf00000, 0x0000000100000000)
  eden space 25088K, 0% used [0x00000000eb180000,0x00000000eb180000,0x00000000eca00000)
  from space 5632K, 98% used [0x00000000ed080000,0x00000000ed5e6060,0x00000000ed600000)
  to   space 6656K, 0% used [0x00000000eca00000,0x00000000eca00000,0x00000000ed080000)
 ParOldGen       total 37888K, used 36675K [0x00000000c1400000, 0x00000000c3900000, 0x00000000eb180000)
  object space 37888K, 96% used [0x00000000c1400000,0x00000000c37d0f80,0x00000000c3900000)
 Metaspace       used 12768K, capacity 12870K, committed 13184K, reserved 1060864K
  class space    used 1588K, capacity 1627K, committed 1664K, reserved 1048576K
Event: 21.395 GC heap after
Heap after GC invocations=19 (full 3):
 PSYoungGen      total 30720K, used 0K [0x00000000eb180000, 0x00000000edf00000, 0x0000000100000000)
  eden space 25088K, 0% used [0x00000000eb180000,0x00000000eb180000,0x00000000eca00000)
  from space 5632K, 0% used [0x00000000ed080000,0x00000000ed080000,0x00000000ed600000)
  to   space 6656K, 0% used [0x00000000eca00000,0x00000000eca00000,0x00000000ed080000)
 ParOldGen       total 49152K, used 25403K [0x00000000c1400000, 0x00000000c4400000, 0x00000000eb180000)
  object space 49152K, 51% used [0x00000000c1400000,0x00000000c2ccedb8,0x00000000c4400000)
 Metaspace       used 12768K, capacity 12870K, committed 13184K, reserved 1060864K
  class space    used 1588K, capacity 1627K, committed 1664K, reserved 1048576K
}

